<?xml version="1.0" encoding="UTF-8"?>
<!-- Generated by org.testng.reporters.JUnitXMLReporter -->
<testsuite hostname="DESKTOP-E13GJAV" ignored="0" name="Surefire test" tests="28" failures="0" timestamp="2022-07-02T23:01:17 CEST" time="79.034" errors="0">
  <testcase name="validateEndTimeIsAfterBeginTime" time="1.584" classname="com.kraken.tests.OhlcTests"/>
  <testcase name="validateEndTimeIsAfterBeginTime" time="1.524" classname="com.kraken.tests.OhlcTests"/>
  <testcase name="validateOpenAndClosePricesAreWithInDailyHighAndLow" time="1.524" classname="com.kraken.tests.OhlcTests"/>
  <testcase name="validateOpenAndClosePricesAreWithInDailyHighAndLow" time="1.527" classname="com.kraken.tests.OhlcTests"/>
  <testcase name="validateSymbolIsCorrect" time="1.551" classname="com.kraken.tests.OhlcTests"/>
  <testcase name="validateSymbolIsCorrect" time="1.536" classname="com.kraken.tests.OhlcTests"/>
  <testcase name="validateBestAskIsGreaterThanBestBidInBookSnapshot" time="1.541" classname="com.kraken.tests.OrderBookTests"/>
  <testcase name="validateBestAskIsGreaterThanBestBidInBookSnapshot" time="1.532" classname="com.kraken.tests.OrderBookTests"/>
  <testcase name="validateSortingOfOrdersInBookSnapshot" time="1.531" classname="com.kraken.tests.OrderBookTests"/>
  <testcase name="validateSortingOfOrdersInBookSnapshot" time="1.521" classname="com.kraken.tests.OrderBookTests"/>
  <testcase name="validateSymbolIsCorrect" time="1.54" classname="com.kraken.tests.OrderBookTests"/>
  <testcase name="validateSymbolIsCorrect" time="1.539" classname="com.kraken.tests.OrderBookTests"/>
  <testcase name="validateBestAskIsGreaterThanBestBid" time="1.533" classname="com.kraken.tests.TickerTests"/>
  <testcase name="validateBestAskIsGreaterThanBestBid" time="1.532" classname="com.kraken.tests.TickerTests"/>
  <testcase name="validateBidAndAskPricesAreWithInDailyHighAndLow" time="1.532" classname="com.kraken.tests.TickerTests"/>
  <testcase name="validateBidAndAskPricesAreWithInDailyHighAndLow" time="1.531" classname="com.kraken.tests.TickerTests"/>
  <testcase name="validateOpenAndClosePricesAreWithInDailyHighAndLow" time="1.539" classname="com.kraken.tests.TickerTests"/>
  <testcase name="validateOpenAndClosePricesAreWithInDailyHighAndLow" time="1.525" classname="com.kraken.tests.TickerTests"/>
  <testcase name="validateSymbolIsCorrect" time="1.547" classname="com.kraken.tests.TickerTests"/>
  <testcase name="validateSymbolIsCorrect" time="1.528" classname="com.kraken.tests.TickerTests"/>
  <testcase name="validatePriceAndVolumeAreNotZero" time="5.114" classname="com.kraken.tests.TradeTests"/>
  <testcase name="validatePriceAndVolumeAreNotZero" time="15.764" classname="com.kraken.tests.TradeTests"/>
  <testcase name="validateSymbolIsCorrect" time="7.119" classname="com.kraken.tests.TradeTests"/>
  <testcase name="validateSymbolIsCorrect" time="3.042" classname="com.kraken.tests.TradeTests"/>
  <testcase name="validateTriggeringOrderSideIsCorrect" time="4.067" classname="com.kraken.tests.TradeTests"/>
  <testcase name="validateTriggeringOrderSideIsCorrect" time="1.536" classname="com.kraken.tests.TradeTests"/>
  <testcase name="validateTriggeringOrderTypeIsCorrect" time="4.586" classname="com.kraken.tests.TradeTests"/>
  <testcase name="validateTriggeringOrderTypeIsCorrect" time="1.545" classname="com.kraken.tests.TradeTests"/>
</testsuite> <!-- Surefire test -->
