<?xml version="1.0" encoding="UTF-8"?>
<testsuite xmlns:xsi="http://www.w3.org/2001/XMLSchema-instance" xsi:noNamespaceSchemaLocation="https://maven.apache.org/surefire/maven-surefire-plugin/xsd/surefire-test-report-3.0.xsd" version="3.0" name="TestSuite" time="81.027" tests="28" errors="0" skipped="0" failures="0">
  <properties>
[...]
</properties>
  <testcase name="validateEndTimeIsAfterBeginTime[XBT/USD](1)" classname="com.kraken.tests.OhlcTests" time="1.669">
    <system-err><![CDATA[Jul 02, 2022 11:00:01 PM com.kraken.engine.TestEngine subscribeOhlc
INFO: [2022-07-02 23:00:01] [INFO   ] subscribeOhlc for ticker = XBT/USD 

Jul 02, 2022 11:00:01 PM com.kraken.api.MessageHandler handleMessage
OFF: [2022-07-02 23:00:01] [OFF    ] systemStatus: {"connectionID":16627289273801571198,"event":"systemStatus","status":"online","version":"1.9.0"} 

Jul 02, 2022 11:00:01 PM com.kraken.api.MessageHandler handleMessage
OFF: [2022-07-02 23:00:01] [OFF    ] subscriptionStatus: {"channelID":343,"channelName":"ohlc-1","event":"subscriptionStatus","pair":"XBT/USD","status":"subscribed","subscription":{"interval":1,"name":"ohlc"}} 

Jul 02, 2022 11:00:01 PM com.kraken.api.MessageHandler handleMessage
OFF: [2022-07-02 23:00:01] [OFF    ] ohlc: [343,["1656795598.534820","1656795600.000000","19237.90000","19241.00000","19237.90000","19239.40000","19240.11448","0.29170136",14],"ohlc-1","XBT/USD"] 

Jul 02, 2022 11:00:01 PM com.kraken.engine.TestEngine validateEndTimeIsAfterBeginTime
INFO: [2022-07-02 23:00:01] [INFO   ] validateEndTimeIsAfterBeginTime 

Jul 02, 2022 11:00:02 PM com.kraken.engine.TestEngine unSubscribeOhlc
INFO: [2022-07-02 23:00:02] [INFO   ] unSubscribeOhlc ticker = XBT/USD 

Jul 02, 2022 11:00:02 PM com.kraken.api.MessageHandler handleMessage
OFF: [2022-07-02 23:00:02] [OFF    ] subscriptionStatus: {"channelID":343,"channelName":"ohlc-1","event":"subscriptionStatus","pair":"XBT/USD","status":"unsubscribed","subscription":{"interval":1,"name":"ohlc"}} 

]]></system-err>
  </testcase>
  <testcase name="validateEndTimeIsAfterBeginTime[XBT/EUR](2)" classname="com.kraken.tests.OhlcTests" time="1.517">
    <system-err><![CDATA[Jul 02, 2022 11:00:02 PM com.kraken.engine.TestEngine cleanupAllMessages
INFO: [2022-07-02 23:00:02] [INFO   ] cleanupAllMessages 

Jul 02, 2022 11:00:02 PM com.kraken.engine.TestEngine subscribeOhlc
INFO: [2022-07-02 23:00:02] [INFO   ] subscribeOhlc for ticker = XBT/EUR 

Jul 02, 2022 11:00:02 PM com.kraken.api.MessageHandler handleMessage
OFF: [2022-07-02 23:00:02] [OFF    ] subscriptionStatus: {"channelID":359,"channelName":"ohlc-1","event":"subscriptionStatus","pair":"XBT/EUR","status":"subscribed","subscription":{"interval":1,"name":"ohlc"}} 

Jul 02, 2022 11:00:02 PM com.kraken.api.MessageHandler handleMessage
OFF: [2022-07-02 23:00:02] [OFF    ] ohlc: [359,["1656795568.886748","1656795600.000000","18463.10000","18463.10000","18459.50000","18459.50000","18462.87693","0.01533159",2],"ohlc-1","XBT/EUR"] 

Jul 02, 2022 11:00:03 PM com.kraken.engine.TestEngine validateEndTimeIsAfterBeginTime
INFO: [2022-07-02 23:00:03] [INFO   ] validateEndTimeIsAfterBeginTime 

Jul 02, 2022 11:00:03 PM com.kraken.engine.TestEngine unSubscribeOhlc
INFO: [2022-07-02 23:00:03] [INFO   ] unSubscribeOhlc ticker = XBT/EUR 

Jul 02, 2022 11:00:03 PM com.kraken.api.MessageHandler handleMessage
OFF: [2022-07-02 23:00:03] [OFF    ] subscriptionStatus: {"channelID":359,"channelName":"ohlc-1","event":"subscriptionStatus","pair":"XBT/EUR","status":"unsubscribed","subscription":{"interval":1,"name":"ohlc"}} 

]]></system-err>
  </testcase>
  <testcase name="validateOpenAndClosePricesAreWithInDailyHighAndLow[XBT/USD](1)" classname="com.kraken.tests.OhlcTests" time="1.5">
    <system-err><![CDATA[Jul 02, 2022 11:00:04 PM com.kraken.engine.TestEngine cleanupAllMessages
INFO: [2022-07-02 23:00:04] [INFO   ] cleanupAllMessages 

Jul 02, 2022 11:00:04 PM com.kraken.engine.TestEngine subscribeOhlc
INFO: [2022-07-02 23:00:04] [INFO   ] subscribeOhlc for ticker = XBT/USD 

Jul 02, 2022 11:00:04 PM com.kraken.api.MessageHandler handleMessage
OFF: [2022-07-02 23:00:04] [OFF    ] subscriptionStatus: {"channelID":343,"channelName":"ohlc-1","event":"subscriptionStatus","pair":"XBT/USD","status":"subscribed","subscription":{"interval":1,"name":"ohlc"}} 

Jul 02, 2022 11:00:04 PM com.kraken.api.MessageHandler handleMessage
OFF: [2022-07-02 23:00:04] [OFF    ] ohlc: [343,["1656795605.677575","1656795660.000000","19239.60000","19239.60000","19239.60000","19239.60000","19239.60000","0.02398232",2],"ohlc-1","XBT/USD"] 

Jul 02, 2022 11:00:04 PM com.kraken.engine.TestEngine validateOhlcOpenAndClosePricesAreWithInDailyHighAndLow
INFO: [2022-07-02 23:00:04] [INFO   ] validateOhlcOpenAndClosePricesAreWithInDailyHighAndLow 

Jul 02, 2022 11:00:05 PM com.kraken.engine.TestEngine unSubscribeOhlc
INFO: [2022-07-02 23:00:05] [INFO   ] unSubscribeOhlc ticker = XBT/USD 

Jul 02, 2022 11:00:05 PM com.kraken.api.MessageHandler handleMessage
OFF: [2022-07-02 23:00:05] [OFF    ] subscriptionStatus: {"channelID":343,"channelName":"ohlc-1","event":"subscriptionStatus","pair":"XBT/USD","status":"unsubscribed","subscription":{"interval":1,"name":"ohlc"}} 

]]></system-err>
  </testcase>
  <testcase name="validateOpenAndClosePricesAreWithInDailyHighAndLow[XBT/EUR](2)" classname="com.kraken.tests.OhlcTests" time="1.521">
    <system-err><![CDATA[Jul 02, 2022 11:00:05 PM com.kraken.engine.TestEngine cleanupAllMessages
INFO: [2022-07-02 23:00:05] [INFO   ] cleanupAllMessages 

Jul 02, 2022 11:00:05 PM com.kraken.engine.TestEngine subscribeOhlc
INFO: [2022-07-02 23:00:05] [INFO   ] subscribeOhlc for ticker = XBT/EUR 

Jul 02, 2022 11:00:05 PM com.kraken.api.MessageHandler handleMessage
OFF: [2022-07-02 23:00:05] [OFF    ] subscriptionStatus: {"channelID":359,"channelName":"ohlc-1","event":"subscriptionStatus","pair":"XBT/EUR","status":"subscribed","subscription":{"interval":1,"name":"ohlc"}} 

Jul 02, 2022 11:00:05 PM com.kraken.api.MessageHandler handleMessage
OFF: [2022-07-02 23:00:05] [OFF    ] ohlc: [359,["1656795568.886748","1656795600.000000","18463.10000","18463.10000","18459.50000","18459.50000","18462.87693","0.01533159",2],"ohlc-1","XBT/EUR"] 

Jul 02, 2022 11:00:06 PM com.kraken.engine.TestEngine validateOhlcOpenAndClosePricesAreWithInDailyHighAndLow
INFO: [2022-07-02 23:00:06] [INFO   ] validateOhlcOpenAndClosePricesAreWithInDailyHighAndLow 

Jul 02, 2022 11:00:06 PM com.kraken.engine.TestEngine unSubscribeOhlc
INFO: [2022-07-02 23:00:06] [INFO   ] unSubscribeOhlc ticker = XBT/EUR 

Jul 02, 2022 11:00:06 PM com.kraken.api.MessageHandler handleMessage
OFF: [2022-07-02 23:00:06] [OFF    ] subscriptionStatus: {"channelID":359,"channelName":"ohlc-1","event":"subscriptionStatus","pair":"XBT/EUR","status":"unsubscribed","subscription":{"interval":1,"name":"ohlc"}} 

]]></system-err>
  </testcase>
  <testcase name="validateSymbolIsCorrect[XBT/USD](1)" classname="com.kraken.tests.OhlcTests" time="1.553">
    <system-err><![CDATA[Jul 02, 2022 11:00:07 PM com.kraken.engine.TestEngine cleanupAllMessages
INFO: [2022-07-02 23:00:07] [INFO   ] cleanupAllMessages 

Jul 02, 2022 11:00:07 PM com.kraken.engine.TestEngine subscribeOhlc
INFO: [2022-07-02 23:00:07] [INFO   ] subscribeOhlc for ticker = XBT/USD 

Jul 02, 2022 11:00:07 PM com.kraken.api.MessageHandler handleMessage
OFF: [2022-07-02 23:00:07] [OFF    ] subscriptionStatus: {"channelID":343,"channelName":"ohlc-1","event":"subscriptionStatus","pair":"XBT/USD","status":"subscribed","subscription":{"interval":1,"name":"ohlc"}} 

Jul 02, 2022 11:00:07 PM com.kraken.api.MessageHandler handleMessage
OFF: [2022-07-02 23:00:07] [OFF    ] ohlc: [343,["1656795605.677575","1656795660.000000","19239.60000","19239.60000","19239.60000","19239.60000","19239.60000","0.02398232",2],"ohlc-1","XBT/USD"] 

Jul 02, 2022 11:00:07 PM com.kraken.engine.TestEngine validateSymbolInOhlcMessages
INFO: [2022-07-02 23:00:07] [INFO   ] validateSymbolInOhlcMessages 

Jul 02, 2022 11:00:08 PM com.kraken.engine.TestEngine assertEquals
INFO: [2022-07-02 23:00:08] [INFO   ] assertEquals 

Jul 02, 2022 11:00:08 PM com.kraken.engine.TestEngine unSubscribeOhlc
INFO: [2022-07-02 23:00:08] [INFO   ] unSubscribeOhlc ticker = XBT/USD 

Jul 02, 2022 11:00:08 PM com.kraken.api.MessageHandler handleMessage
OFF: [2022-07-02 23:00:08] [OFF    ] subscriptionStatus: {"channelID":343,"channelName":"ohlc-1","event":"subscriptionStatus","pair":"XBT/USD","status":"unsubscribed","subscription":{"interval":1,"name":"ohlc"}} 

]]></system-err>
  </testcase>
  <testcase name="validateSymbolIsCorrect[XBT/EUR](2)" classname="com.kraken.tests.OhlcTests" time="1.525">
    <system-err><![CDATA[Jul 02, 2022 11:00:08 PM com.kraken.engine.TestEngine cleanupAllMessages
INFO: [2022-07-02 23:00:08] [INFO   ] cleanupAllMessages 

Jul 02, 2022 11:00:08 PM com.kraken.engine.TestEngine subscribeOhlc
INFO: [2022-07-02 23:00:08] [INFO   ] subscribeOhlc for ticker = XBT/EUR 

Jul 02, 2022 11:00:08 PM com.kraken.api.MessageHandler handleMessage
OFF: [2022-07-02 23:00:08] [OFF    ] subscriptionStatus: {"channelID":359,"channelName":"ohlc-1","event":"subscriptionStatus","pair":"XBT/EUR","status":"subscribed","subscription":{"interval":1,"name":"ohlc"}} 

Jul 02, 2022 11:00:08 PM com.kraken.api.MessageHandler handleMessage
OFF: [2022-07-02 23:00:08] [OFF    ] ohlc: [359,["1656795609.645313","1656795660.000000","18462.70000","18462.70000","18462.70000","18462.70000","18462.70000","0.00110000",1],"ohlc-1","XBT/EUR"] 

Jul 02, 2022 11:00:09 PM com.kraken.engine.TestEngine validateSymbolInOhlcMessages
INFO: [2022-07-02 23:00:09] [INFO   ] validateSymbolInOhlcMessages 

Jul 02, 2022 11:00:09 PM com.kraken.engine.TestEngine assertEquals
INFO: [2022-07-02 23:00:09] [INFO   ] assertEquals 

Jul 02, 2022 11:00:09 PM com.kraken.engine.TestEngine unSubscribeOhlc
INFO: [2022-07-02 23:00:09] [INFO   ] unSubscribeOhlc ticker = XBT/EUR 

Jul 02, 2022 11:00:09 PM com.kraken.api.MessageHandler handleMessage
OFF: [2022-07-02 23:00:09] [OFF    ] subscriptionStatus: {"channelID":359,"channelName":"ohlc-1","event":"subscriptionStatus","pair":"XBT/EUR","status":"unsubscribed","subscription":{"interval":1,"name":"ohlc"}} 

]]></system-err>
  </testcase>
  <testcase name="validateBestAskIsGreaterThanBestBidInBookSnapshot[XBT/USD](1)" classname="com.kraken.tests.OrderBookTests" time="2.267">
    <system-err><![CDATA[Jul 02, 2022 11:00:10 PM com.kraken.engine.TestEngine cleanupAllMessages
INFO: [2022-07-02 23:00:10] [INFO   ] cleanupAllMessages 

Jul 02, 2022 11:00:10 PM com.kraken.engine.TestEngine logout
INFO: [2022-07-02 23:00:10] [INFO   ] logout 

Jul 02, 2022 11:00:11 PM com.kraken.api.MessageHandler handleMessage
OFF: [2022-07-02 23:00:11] [OFF    ] systemStatus: {"connectionID":8610745837741396279,"event":"systemStatus","status":"online","version":"1.9.0"} 

Jul 02, 2022 11:00:11 PM com.kraken.engine.TestEngine subscribeOrderBook
INFO: [2022-07-02 23:00:11] [INFO   ] subscribeOrderBook ticker = XBT/USD 

Jul 02, 2022 11:00:11 PM com.kraken.api.MessageHandler handleMessage
OFF: [2022-07-02 23:00:11] [OFF    ] subscriptionStatus: {"channelID":336,"channelName":"book-10","event":"subscriptionStatus","pair":"XBT/USD","status":"subscribed","subscription":{"depth":10,"name":"book"}} 

Jul 02, 2022 11:00:11 PM com.kraken.engine.TestEngine validateBestAskIsGreaterThanBestBidInBookSnapshot
INFO: [2022-07-02 23:00:11] [INFO   ] validateBestAskIsGreaterThanBestBidInBookSnapshot 

Jul 02, 2022 11:00:11 PM com.kraken.api.MessageHandler handleMessage
OFF: [2022-07-02 23:00:11] [OFF    ] book: [336,{"as":[["19241.00000","0.20713411","1656795612.777212"],["19246.00000","0.10428400","1656795613.816440"],["19246.10000","3.89702638","1656795613.736067"],["19248.10000","0.18844239","1656795611.428997"],["19248.30000","0.27083089","1656795611.428984"],["19250.80000","0.00464219","1656795536.995180"],["19250.90000","0.00396803","1656795536.647029"],["19252.00000","0.00188738","1656795536.390425"],["19252.80000","0.90628743","1656795611.137135"],["19253.10000","7.79523662","1656795512.377777"]],"bs":[["19240.90000","8.99835068","1656795611.260966"],["19239.70000","0.04544719","1656795610.976802"],["19237.80000","0.00025770","1656795577.711085"],["19236.60000","7.79394893","1656795611.551540"],["19236.20000","0.00275895","1656795610.818931"],["19235.40000","7.79434498","1656795612.918897"],["19235.20000","0.27029857","1656795561.354090"],["19234.20000","0.39845726","1656795607.036253"],["19232.70000","0.05531328","1656795613.742494"],["19232.50000","0.57023401","1656795606.964889"]]},"book-10","XBT/USD"] 

Jul 02, 2022 11:00:11 PM com.kraken.api.MessageHandler handleMessage
OFF: [2022-07-02 23:00:11] [OFF    ] book: [336,{"a":[["19241.00000","0.28460437","1656795614.288968"]],"c":"3683356560"},"book-10","XBT/USD"] 

Jul 02, 2022 11:00:11 PM com.kraken.api.MessageHandler handleMessage
OFF: [2022-07-02 23:00:11] [OFF    ] book: [336,{"b":[["19240.90000","9.01912350","1656795614.314345"]],"c":"90395020"},"book-10","XBT/USD"] 

Jul 02, 2022 11:00:11 PM com.kraken.api.MessageHandler handleMessage
OFF: [2022-07-02 23:00:11] [OFF    ] book: [336,{"a":[["19246.10000","0.00000000","1656795614.315241"],["19253.30000","0.30240761","1656795611.685964","r"]],"c":"2701888789"},"book-10","XBT/USD"] 

Jul 02, 2022 11:00:11 PM com.kraken.api.MessageHandler handleMessage
OFF: [2022-07-02 23:00:11] [OFF    ] book: [336,{"a":[["19246.00000","0.00000000","1656795614.340611"],["19253.40000","7.79404996","1656795611.194032","r"]],"c":"739443359"},"book-10","XBT/USD"] 

Jul 02, 2022 11:00:11 PM com.kraken.api.MessageHandler handleMessage
OFF: [2022-07-02 23:00:11] [OFF    ] book: [336,{"a":[["19241.00000","0.20713411","1656795614.341285"]],"c":"2856781421"},"book-10","XBT/USD"] 

Jul 02, 2022 11:00:11 PM com.kraken.api.MessageHandler handleMessage
OFF: [2022-07-02 23:00:11] [OFF    ] book: [336,{"a":[["19245.40000","3.89720492","1656795614.362502"]],"c":"2989166428"},"book-10","XBT/USD"] 

Jul 02, 2022 11:00:11 PM com.kraken.api.MessageHandler handleMessage
OFF: [2022-07-02 23:00:11] [OFF    ] book: [336,{"a":[["19252.70000","0.10428400","1656795614.363183"]],"c":"1506125366"},"book-10","XBT/USD"] 

Jul 02, 2022 11:00:11 PM com.kraken.api.MessageHandler handleMessage
OFF: [2022-07-02 23:00:11] [OFF    ] book: [336,{"a":[["19252.70000","0.40428400","1656795614.372412"]],"c":"2603247761"},"book-10","XBT/USD"] 

Jul 02, 2022 11:00:11 PM com.kraken.api.MessageHandler handleMessage
OFF: [2022-07-02 23:00:11] [OFF    ] book: [336,{"a":[["19252.70000","0.10428400","1656795614.420788"]],"c":"1506125366"},"book-10","XBT/USD"] 

Jul 02, 2022 11:00:11 PM com.kraken.api.MessageHandler handleMessage
OFF: [2022-07-02 23:00:11] [OFF    ] book: [336,{"a":[["19253.00000","2.08100000","1656795614.427729"]],"c":"459245480"},"book-10","XBT/USD"] 

Jul 02, 2022 11:00:11 PM com.kraken.api.MessageHandler handleMessage
OFF: [2022-07-02 23:00:11] [OFF    ] book: [336,{"a":[["19252.70000","0.00000000","1656795614.438293"],["19253.10000","7.79523662","1656795512.377777","r"]],"c":"1817093941"},"book-10","XBT/USD"] 

Jul 02, 2022 11:00:11 PM com.kraken.api.MessageHandler handleMessage
OFF: [2022-07-02 23:00:11] [OFF    ] book: [336,{"a":[["19245.30000","0.10428400","1656795614.460660"]],"c":"1262358322"},"book-10","XBT/USD"] 

Jul 02, 2022 11:00:12 PM com.kraken.api.MessageHandler handleMessage
OFF: [2022-07-02 23:00:12] [OFF    ] book: [336,{"b":[["19240.90000","8.81912350","1656795614.571028"]],"c":"3968113355"},"book-10","XBT/USD"] 

Jul 02, 2022 11:00:12 PM com.kraken.api.MessageHandler handleMessage
OFF: [2022-07-02 23:00:12] [OFF    ] book: [336,{"a":[["19245.40000","0.00000000","1656795614.592209"],["19253.10000","7.79523662","1656795512.377777","r"]],"c":"4074045338"},"book-10","XBT/USD"] 

Jul 02, 2022 11:00:12 PM com.kraken.api.MessageHandler handleMessage
OFF: [2022-07-02 23:00:12] [OFF    ] book: [336,{"b":[["19234.20000","0.00000000","1656795614.598874"],["19232.30000","0.00249668","1656795574.802502","r"]],"c":"3276538825"},"book-10","XBT/USD"] 

Jul 02, 2022 11:00:12 PM com.kraken.api.MessageHandler handleMessage
OFF: [2022-07-02 23:00:12] [OFF    ] book: [336,{"b":[["19240.90000","8.41912350","1656795614.601983"]],"c":"931522727"},"book-10","XBT/USD"] 

Jul 02, 2022 11:00:12 PM com.kraken.api.MessageHandler handleMessage
OFF: [2022-07-02 23:00:12] [OFF    ] book: [336,{"a":[["19241.00000","0.29593391","1656795614.610598"]],"c":"159198162"},"book-10","XBT/USD"] 

Jul 02, 2022 11:00:12 PM com.kraken.api.MessageHandler handleMessage
OFF: [2022-07-02 23:00:12] [OFF    ] book: [336,{"a":[["19245.30000","0.00000000","1656795614.620490"],["19253.30000","0.30240761","1656795611.685964","r"]],"c":"480211424"},"book-10","XBT/USD"] 

Jul 02, 2022 11:00:12 PM com.kraken.api.MessageHandler handleMessage
OFF: [2022-07-02 23:00:12] [OFF    ] book: [336,{"b":[["19240.90000","8.41629518","1656795614.621757"]],"c":"3805879624"},"book-10","XBT/USD"] 

Jul 02, 2022 11:00:12 PM com.kraken.api.MessageHandler handleMessage
OFF: [2022-07-02 23:00:12] [OFF    ] book: [336,{"a":[["19248.10000","0.00000000","1656795614.623681"],["19253.40000","7.79404996","1656795611.194032","r"],["19245.20000","0.18844239","1656795614.623706"]],"c":"2112273140"},"book-10","XBT/USD"] 

Jul 02, 2022 11:00:12 PM com.kraken.api.MessageHandler handleMessage
OFF: [2022-07-02 23:00:12] [OFF    ] book: [336,{"a":[["19249.50000","0.00252072","1656795614.626585"]],"c":"933769191"},"book-10","XBT/USD"] 

Jul 02, 2022 11:00:12 PM com.kraken.api.MessageHandler handleMessage
OFF: [2022-07-02 23:00:12] [OFF    ] book: [336,{"b":[["19240.90000","7.81629518","1656795614.631538"]],"c":"1126228048"},"book-10","XBT/USD"] 

Jul 02, 2022 11:00:12 PM com.kraken.api.MessageHandler handleMessage
OFF: [2022-07-02 23:00:12] [OFF    ] book: [336,{"a":[["19252.70000","0.30000000","1656795614.637140"]],"c":"2298649893"},"book-10","XBT/USD"] 

Jul 02, 2022 11:00:12 PM com.kraken.api.MessageHandler handleMessage
OFF: [2022-07-02 23:00:12] [OFF    ] book: [336,{"a":[["19252.70000","0.40428400","1656795614.645798"]],"c":"2759074638"},"book-10","XBT/USD"] 

Jul 02, 2022 11:00:12 PM com.kraken.api.MessageHandler handleMessage
OFF: [2022-07-02 23:00:12] [OFF    ] book: [336,{"a":[["19243.70000","3.89756950","1656795614.652527"]],"c":"2594936261"},"book-10","XBT/USD"] 

Jul 02, 2022 11:00:12 PM com.kraken.api.MessageHandler handleMessage
OFF: [2022-07-02 23:00:12] [OFF    ] book: [336,{"a":[["19252.10000","7.79467242","1656795614.653744"]],"c":"1814639658"},"book-10","XBT/USD"] 

Jul 02, 2022 11:00:12 PM com.kraken.engine.TestEngine unSubscribeOrderBook
INFO: [2022-07-02 23:00:12] [INFO   ] unSubscribeOrderBook ticker = XBT/USD 

Jul 02, 2022 11:00:12 PM com.kraken.api.MessageHandler handleMessage
OFF: [2022-07-02 23:00:12] [OFF    ] book: [336,{"a":[["19252.70000","0.10428400","1656795614.697595"]],"c":"3928881594"},"book-10","XBT/USD"] 

Jul 02, 2022 11:00:12 PM com.kraken.api.MessageHandler handleMessage
OFF: [2022-07-02 23:00:12] [OFF    ] book: [336,{"a":[["19245.20000","0.00000000","1656795614.718475"],["19252.80000","0.90628743","1656795611.137135","r"],["19243.60000","0.18844239","1656795614.718495"]],"c":"2687200632"},"book-10","XBT/USD"] 

Jul 02, 2022 11:00:12 PM com.kraken.api.MessageHandler handleMessage
OFF: [2022-07-02 23:00:12] [OFF    ] book: [336,{"a":[["19252.10000","0.00000000","1656795614.721529"],["19252.80000","0.90628743","1656795611.137135","r"]],"c":"2389363192"},"book-10","XBT/USD"] 

Jul 02, 2022 11:00:12 PM com.kraken.api.MessageHandler handleMessage
OFF: [2022-07-02 23:00:12] [OFF    ] book: [336,{"a":[["19252.70000","0.00000000","1656795614.726313"],["19253.00000","2.08100000","1656795614.427729","r"]],"c":"1704657830"},"book-10","XBT/USD"] 

Jul 02, 2022 11:00:12 PM com.kraken.api.MessageHandler handleMessage
OFF: [2022-07-02 23:00:12] [OFF    ] book: [336,{"b":[["19240.90000","8.41629518","1656795614.750785"]],"c":"286510097"},"book-10","XBT/USD"] 

Jul 02, 2022 11:00:12 PM com.kraken.api.MessageHandler handleMessage
OFF: [2022-07-02 23:00:12] [OFF    ] book: [336,{"a":[["19243.50000","0.10428400","1656795614.760039"]],"c":"1443023918"},"book-10","XBT/USD"] 

Jul 02, 2022 11:00:12 PM com.kraken.api.MessageHandler handleMessage
OFF: [2022-07-02 23:00:12] [OFF    ] book: [336,{"a":[["19243.70000","0.00000000","1656795614.815770"],["19253.00000","2.08100000","1656795614.427729","r"]],"c":"1940972579"},"book-10","XBT/USD"] 

Jul 02, 2022 11:00:12 PM com.kraken.api.MessageHandler handleMessage
OFF: [2022-07-02 23:00:12] [OFF    ] book: [336,{"a":[["19243.60000","0.00000000","1656795614.817287"],["19253.10000","7.79523662","1656795512.377777","r"],["19243.40000","0.18844239","1656795614.817302"]],"c":"3078769548"},"book-10","XBT/USD"] 

Jul 02, 2022 11:00:12 PM com.kraken.api.MessageHandler handleMessage
OFF: [2022-07-02 23:00:12] [OFF    ] book: [336,{"a":[["19243.50000","0.00000000","1656795614.841439"],["19253.10000","7.79523662","1656795512.377777","r"]],"c":"1209386549"},"book-10","XBT/USD"] 

Jul 02, 2022 11:00:12 PM com.kraken.api.MessageHandler handleMessage
OFF: [2022-07-02 23:00:12] [OFF    ] book: [336,{"a":[["19252.40000","0.55538000","1656795614.850088"]],"c":"1208377914"},"book-10","XBT/USD"] 

Jul 02, 2022 11:00:12 PM com.kraken.api.MessageHandler handleMessage
OFF: [2022-07-02 23:00:12] [OFF    ] book: [336,{"a":[["19252.70000","0.30000000","1656795614.859073"]],"c":"4200617575"},"book-10","XBT/USD"] 

Jul 02, 2022 11:00:12 PM com.kraken.api.MessageHandler handleMessage
OFF: [2022-07-02 23:00:12] [OFF    ] subscriptionStatus: {"channelID":336,"channelName":"book-10","event":"subscriptionStatus","pair":"XBT/USD","status":"unsubscribed","subscription":{"depth":10,"name":"book"}} 

]]></system-err>
  </testcase>
  <testcase name="validateBestAskIsGreaterThanBestBidInBookSnapshot[XBT/EUR](2)" classname="com.kraken.tests.OrderBookTests" time="1.646">
    <system-err><![CDATA[Jul 02, 2022 11:00:12 PM com.kraken.engine.TestEngine cleanupAllMessages
INFO: [2022-07-02 23:00:12] [INFO   ] cleanupAllMessages 

Jul 02, 2022 11:00:12 PM com.kraken.engine.TestEngine subscribeOrderBook
INFO: [2022-07-02 23:00:12] [INFO   ] subscribeOrderBook ticker = XBT/EUR 

Jul 02, 2022 11:00:12 PM com.kraken.api.MessageHandler handleMessage
OFF: [2022-07-02 23:00:12] [OFF    ] subscriptionStatus: {"channelID":352,"channelName":"book-10","event":"subscriptionStatus","pair":"XBT/EUR","status":"subscribed","subscription":{"depth":10,"name":"book"}} 

Jul 02, 2022 11:00:13 PM com.kraken.engine.TestEngine validateBestAskIsGreaterThanBestBidInBookSnapshot
INFO: [2022-07-02 23:00:13] [INFO   ] validateBestAskIsGreaterThanBestBidInBookSnapshot 

Jul 02, 2022 11:00:13 PM com.kraken.api.MessageHandler handleMessage
OFF: [2022-07-02 23:00:13] [OFF    ] book: [352,{"as":[["18465.50000","0.01107955","1656795615.331310"],["18465.60000","0.01815659","1656795615.115968"],["18465.70000","0.01750461","1656795615.190084"],["18465.80000","0.01633080","1656795614.868160"],["18466.00000","0.02193528","1656795614.862759"],["18466.10000","0.03078510","1656795614.976464"],["18466.20000","0.02855206","1656795614.756393"],["18466.60000","0.13239260","1656795614.821872"],["18468.40000","0.00020925","1656795611.290039"],["18468.70000","0.00542000","1656795614.299569"]],"bs":[["18463.20000","0.02494380","1656795615.436856"],["18463.10000","0.41500000","1656795615.145761"],["18463.00000","0.02558215","1656795615.087106"],["18462.00000","0.72500000","1656795615.086903"],["18461.10000","0.02700611","1656795610.936762"],["18460.40000","0.03265049","1656795608.270139"],["18459.00000","0.02176884","1656795599.687553"],["18458.40000","0.25000000","1656795614.772042"],["18458.30000","0.03759073","1656795611.028713"],["18457.50000","0.45845994","1656795613.590061"]]},"book-10","XBT/EUR"] 

Jul 02, 2022 11:00:13 PM com.kraken.api.MessageHandler handleMessage
OFF: [2022-07-02 23:00:13] [OFF    ] book: [352,{"b":[["18463.30000","0.00920449","1656795615.858862"]],"c":"734582567"},"book-10","XBT/EUR"] 

Jul 02, 2022 11:00:13 PM com.kraken.api.MessageHandler handleMessage
OFF: [2022-07-02 23:00:13] [OFF    ] book: [352,{"b":[["18459.00000","0.00000000","1656795615.912470"],["18457.50000","0.45845994","1656795613.590061","r"]],"c":"3594255053"},"book-10","XBT/EUR"] 

Jul 02, 2022 11:00:13 PM com.kraken.api.MessageHandler handleMessage
OFF: [2022-07-02 23:00:13] [OFF    ] book: [352,{"b":[["18463.30000","0.03307744","1656795615.913308"]],"c":"1292020019"},"book-10","XBT/EUR"] 

Jul 02, 2022 11:00:13 PM com.kraken.api.MessageHandler handleMessage
OFF: [2022-07-02 23:00:13] [OFF    ] book: [352,{"b":[["18463.30000","0.00920449","1656795616.044456"]],"c":"3594255053"},"book-10","XBT/EUR"] 

Jul 02, 2022 11:00:13 PM com.kraken.api.MessageHandler handleMessage
OFF: [2022-07-02 23:00:13] [OFF    ] book: [352,{"a":[["18466.60000","0.00000000","1656795616.047197"],["18469.20000","1.48381495","1656795616.044309","r"],["18466.20000","0.16094466","1656795616.047212"]],"c":"2245808948"},"book-10","XBT/EUR"] 

Jul 02, 2022 11:00:13 PM com.kraken.api.MessageHandler handleMessage
OFF: [2022-07-02 23:00:13] [OFF    ] book: [352,{"a":[["18465.80000","0.32633080","1656795616.048845"]],"c":"944123116"},"book-10","XBT/EUR"] 

Jul 02, 2022 11:00:13 PM com.kraken.api.MessageHandler handleMessage
OFF: [2022-07-02 23:00:13] [OFF    ] book: [352,{"b":[["18458.40000","0.00000000","1656795616.053711"],["18457.40000","0.13398241","1656795614.589696","r"]],"c":"2933444521"},"book-10","XBT/EUR"] 

Jul 02, 2022 11:00:13 PM com.kraken.api.MessageHandler handleMessage
OFF: [2022-07-02 23:00:13] [OFF    ] book: [352,{"b":[["18463.20000","0.00000000","1656795616.055675"],["18457.30000","7.06651369","1656795611.601576","r"]],"c":"3047579844"},"book-10","XBT/EUR"] 

Jul 02, 2022 11:00:13 PM com.kraken.api.MessageHandler handleMessage
OFF: [2022-07-02 23:00:13] [OFF    ] book: [352,{"a":[["18465.40000","0.00313310","1656795616.055779"]],"c":"3308346973"},"book-10","XBT/EUR"] 

Jul 02, 2022 11:00:13 PM com.kraken.api.MessageHandler handleMessage
OFF: [2022-07-02 23:00:13] [OFF    ] book: [352,{"b":[["18463.00000","0.00000000","1656795616.056652"],["18455.00000","0.67963202","1656795614.314244","r"]],"c":"4084024021"},"book-10","XBT/EUR"] 

Jul 02, 2022 11:00:13 PM com.kraken.api.MessageHandler handleMessage
OFF: [2022-07-02 23:00:13] [OFF    ] book: [352,{"b":[["18462.00000","0.41500000","1656795616.065716"]],"c":"3555667572"},"book-10","XBT/EUR"] 

Jul 02, 2022 11:00:13 PM com.kraken.api.MessageHandler handleMessage
OFF: [2022-07-02 23:00:13] [OFF    ] book: [352,{"a":[["18465.80000","0.01633080","1656795616.086201"]],"c":"3035338904"},"book-10","XBT/EUR"] 

Jul 02, 2022 11:00:13 PM com.kraken.api.MessageHandler handleMessage
OFF: [2022-07-02 23:00:13] [OFF    ] book: [352,{"b":[["18458.30000","0.00000000","1656795616.088308"],["18454.00000","7.11052373","1656795611.549232","r"]],"c":"4121722079"},"book-10","XBT/EUR"] 

Jul 02, 2022 11:00:13 PM com.kraken.api.MessageHandler handleMessage
OFF: [2022-07-02 23:00:13] [OFF    ] book: [352,{"a":[["18464.90000","0.31000000","1656795616.089890"]],"c":"2570285637"},"book-10","XBT/EUR"] 

Jul 02, 2022 11:00:13 PM com.kraken.api.MessageHandler handleMessage
OFF: [2022-07-02 23:00:13] [OFF    ] book: [352,{"a":[["18465.40000","0.41813310","1656795616.101674"]],"c":"2228600889"},"book-10","XBT/EUR"] 

Jul 02, 2022 11:00:13 PM com.kraken.api.MessageHandler handleMessage
OFF: [2022-07-02 23:00:13] [OFF    ] book: [352,{"b":[["18463.10000","0.00000000","1656795616.102863"],["18453.30000","0.31400000","1656795594.817398","r"]],"c":"98881770"},"book-10","XBT/EUR"] 

Jul 02, 2022 11:00:13 PM com.kraken.api.MessageHandler handleMessage
OFF: [2022-07-02 23:00:13] [OFF    ] book: [352,{"a":[["18466.20000","0.13239260","1656795616.110916"]],"c":"158282928"},"book-10","XBT/EUR"] 

Jul 02, 2022 11:00:13 PM com.kraken.api.MessageHandler handleMessage
OFF: [2022-07-02 23:00:13] [OFF    ] book: [352,{"b":[["18462.00000","0.00000000","1656795616.113498"],["18452.90000","0.30037700","1656795594.819561","r"]],"c":"1728784842"},"book-10","XBT/EUR"] 

Jul 02, 2022 11:00:13 PM com.kraken.api.MessageHandler handleMessage
OFF: [2022-07-02 23:00:13] [OFF    ] book: [352,{"a":[["18465.30000","0.03167253","1656795616.120730"]],"c":"2538350482"},"book-10","XBT/EUR"] 

Jul 02, 2022 11:00:13 PM com.kraken.api.MessageHandler handleMessage
OFF: [2022-07-02 23:00:13] [OFF    ] book: [352,{"a":[["18466.20000","0.00000000","1656795616.129537"],["18468.40000","0.00020925","1656795611.290039","r"],["18465.30000","0.16406513","1656795616.129552"]],"c":"4247200588"},"book-10","XBT/EUR"] 

Jul 02, 2022 11:00:13 PM com.kraken.api.MessageHandler handleMessage
OFF: [2022-07-02 23:00:13] [OFF    ] book: [352,{"a":[["18466.10000","0.28078510","1656795616.134373"]],"c":"2370687332"},"book-10","XBT/EUR"] 

Jul 02, 2022 11:00:13 PM com.kraken.api.MessageHandler handleMessage
OFF: [2022-07-02 23:00:13] [OFF    ] book: [352,{"a":[["18466.10000","0.25000000","1656795616.147974"]],"c":"2781519307"},"book-10","XBT/EUR"] 

Jul 02, 2022 11:00:13 PM com.kraken.api.MessageHandler handleMessage
OFF: [2022-07-02 23:00:13] [OFF    ] book: [352,{"b":[["18461.10000","0.00000000","1656795616.156881"],["18450.90000","12.99023908","1656795611.145894","r"]],"c":"3109926021"},"book-10","XBT/EUR"] 

Jul 02, 2022 11:00:13 PM com.kraken.api.MessageHandler handleMessage
OFF: [2022-07-02 23:00:13] [OFF    ] book: [352,{"a":[["18464.80000","0.01714968","1656795616.157121"]],"c":"2246919043"},"book-10","XBT/EUR"] 

Jul 02, 2022 11:00:13 PM com.kraken.engine.TestEngine unSubscribeOrderBook
INFO: [2022-07-02 23:00:13] [INFO   ] unSubscribeOrderBook ticker = XBT/EUR 

Jul 02, 2022 11:00:13 PM com.kraken.api.MessageHandler handleMessage
OFF: [2022-07-02 23:00:13] [OFF    ] book: [352,{"b":[["18457.30000","0.00000000","1656795616.178209"],["18450.60000","7.79614132","1656795512.274314","r"]],"c":"1469190600"},"book-10","XBT/EUR"] 

Jul 02, 2022 11:00:13 PM com.kraken.api.MessageHandler handleMessage
OFF: [2022-07-02 23:00:13] [OFF    ] book: [352,{"b":[["18450.90000","0.00000000","1656795616.178708"],["18449.70000","0.03835904","1656795567.077389","r"]],"c":"3568547058"},"book-10","XBT/EUR"] 

Jul 02, 2022 11:00:13 PM com.kraken.api.MessageHandler handleMessage
OFF: [2022-07-02 23:00:13] [OFF    ] book: [352,{"b":[["18462.10000","0.11500000","1656795616.186632"]],"c":"1326177605"},"book-10","XBT/EUR"] 

Jul 02, 2022 11:00:13 PM com.kraken.api.MessageHandler handleMessage
OFF: [2022-07-02 23:00:13] [OFF    ] book: [352,{"b":[["18458.00000","0.31000000","1656795616.203306"]],"c":"3947774165"},"book-10","XBT/EUR"] 

Jul 02, 2022 11:00:13 PM com.kraken.api.MessageHandler handleMessage
OFF: [2022-07-02 23:00:13] [OFF    ] book: [352,{"a":[["18464.00000","0.41500000","1656795616.203346"]],"c":"4162157701"},"book-10","XBT/EUR"] 

Jul 02, 2022 11:00:13 PM com.kraken.api.MessageHandler handleMessage
OFF: [2022-07-02 23:00:13] [OFF    ] book: [352,{"a":[["18465.50000","0.00000000","1656795616.220379"],["18466.10000","0.25000000","1656795616.147974","r"],["18464.80000","0.02822923","1656795616.220397"]],"c":"2641542877"},"book-10","XBT/EUR"] 

Jul 02, 2022 11:00:13 PM com.kraken.api.MessageHandler handleMessage
OFF: [2022-07-02 23:00:13] [OFF    ] book: [352,{"b":[["18463.30000","0.00000000","1656795616.220808"],["18450.60000","7.79614132","1656795512.274314","r"]],"c":"1518050485"},"book-10","XBT/EUR"] 

Jul 02, 2022 11:00:13 PM com.kraken.api.MessageHandler handleMessage
OFF: [2022-07-02 23:00:13] [OFF    ] book: [352,{"a":[["18464.70000","0.03911235","1656795616.228731"]],"c":"4233510176"},"book-10","XBT/EUR"] 

Jul 02, 2022 11:00:13 PM com.kraken.api.MessageHandler handleMessage
OFF: [2022-07-02 23:00:13] [OFF    ] book: [352,{"a":[["18466.00000","0.00000000","1656795616.233533"],["18466.10000","0.25000000","1656795616.147974","r"]],"c":"168425871"},"book-10","XBT/EUR"] 

Jul 02, 2022 11:00:13 PM com.kraken.api.MessageHandler handleMessage
OFF: [2022-07-02 23:00:13] [OFF    ] book: [352,{"a":[["18464.50000","3.89830368","1656795616.263442"]],"c":"2581864379"},"book-10","XBT/EUR"] 

Jul 02, 2022 11:00:13 PM com.kraken.api.MessageHandler handleMessage
OFF: [2022-07-02 23:00:13] [OFF    ] book: [352,{"a":[["18465.30000","0.03167253","1656795616.268060"],["18464.80000","0.16062183","1656795616.268074"]],"c":"303523817"},"book-10","XBT/EUR"] 

Jul 02, 2022 11:00:13 PM com.kraken.api.MessageHandler handleMessage
OFF: [2022-07-02 23:00:13] [OFF    ] book: [352,{"b":[["18458.80000","3.89837059","1656795616.269965"]],"c":"1062084185"},"book-10","XBT/EUR"] 

Jul 02, 2022 11:00:13 PM com.kraken.api.MessageHandler handleMessage
OFF: [2022-07-02 23:00:13] [OFF    ] book: [352,{"a":[["18465.80000","0.00000000","1656795616.292032"],["18466.10000","0.25000000","1656795616.147974","r"]],"c":"364978382"},"book-10","XBT/EUR"] 

Jul 02, 2022 11:00:13 PM com.kraken.api.MessageHandler handleMessage
OFF: [2022-07-02 23:00:13] [OFF    ] book: [352,{"a":[["18463.90000","0.00113642","1656795616.294105"]],"c":"1639851304"},"book-10","XBT/EUR"] 

Jul 02, 2022 11:00:13 PM com.kraken.api.MessageHandler handleMessage
OFF: [2022-07-02 23:00:13] [OFF    ] book: [352,{"a":[["18464.80000","0.41062183","1656795616.304791"]],"c":"699350070"},"book-10","XBT/EUR"] 

Jul 02, 2022 11:00:13 PM com.kraken.api.MessageHandler handleMessage
OFF: [2022-07-02 23:00:13] [OFF    ] subscriptionStatus: {"channelID":352,"channelName":"book-10","event":"subscriptionStatus","pair":"XBT/EUR","status":"unsubscribed","subscription":{"depth":10,"name":"book"}} 

]]></system-err>
  </testcase>
  <testcase name="validateSortingOfOrdersInBookSnapshot[XBT/USD](1)" classname="com.kraken.tests.OrderBookTests" time="0.885">
    <system-err><![CDATA[Jul 02, 2022 11:00:14 PM com.kraken.engine.TestEngine cleanupAllMessages
INFO: [2022-07-02 23:00:14] [INFO   ] cleanupAllMessages 

Jul 02, 2022 11:00:14 PM com.kraken.engine.TestEngine subscribeOrderBook
INFO: [2022-07-02 23:00:14] [INFO   ] subscribeOrderBook ticker = XBT/USD 

Jul 02, 2022 11:00:14 PM com.kraken.api.MessageHandler handleMessage
OFF: [2022-07-02 23:00:14] [OFF    ] subscriptionStatus: {"channelID":336,"channelName":"book-10","event":"subscriptionStatus","pair":"XBT/USD","status":"subscribed","subscription":{"depth":10,"name":"book"}} 

Jul 02, 2022 11:00:14 PM com.kraken.engine.TestEngine validateSortingOfOrdersInBookSnapshot
INFO: [2022-07-02 23:00:14] [INFO   ] validateSortingOfOrdersInBookSnapshot 

Jul 02, 2022 11:00:14 PM com.kraken.api.MessageHandler handleMessage
OFF: [2022-07-02 23:00:14] [OFF    ] book: [336,{"as":[["19241.00000","4.18409712","1656795617.242770"],["19241.50000","0.18844239","1656795616.281151"],["19243.90000","0.00287089","1656795616.136051"],["19244.50000","1.08539252","1656795616.798309"],["19247.00000","0.40428400","1656795616.564983"],["19247.10000","7.79674115","1656795616.449656"],["19248.00000","2.08100000","1656795616.570044"],["19248.20000","0.33299743","1656795616.845129"],["19248.30000","0.27083089","1656795611.428984"],["19249.00000","7.79660733","1656795616.935624"]],"bs":[["19240.90000","2.47210235","1656795616.499160"],["19237.80000","0.00025770","1656795577.711085"],["19237.20000","3.89837059","1656795617.243092"],["19236.80000","0.04544719","1656795616.126544"],["19235.20000","0.27029857","1656795561.354090"],["19232.60000","0.02077088","1656795617.267519"],["19232.50000","0.57023401","1656795606.964889"],["19232.30000","0.00249668","1656795574.802502"],["19232.10000","0.56543449","1656795614.658797"],["19231.70000","0.62699651","1656795605.436008"]]},"book-10","XBT/USD"] 

Jul 02, 2022 11:00:14 PM com.kraken.api.MessageHandler handleMessage
OFF: [2022-07-02 23:00:14] [OFF    ] book: [336,{"a":[["19247.00000","0.10428400","1656795617.287086"]],"c":"3283550906"},"book-10","XBT/USD"] 

Jul 02, 2022 11:00:14 PM com.kraken.api.MessageHandler handleMessage
OFF: [2022-07-02 23:00:14] [OFF    ] book: [336,{"b":[["19236.90000","0.25000000","1656795617.287664"]],"c":"3155847050"},"book-10","XBT/USD"] 

Jul 02, 2022 11:00:14 PM com.kraken.api.MessageHandler handleMessage
OFF: [2022-07-02 23:00:14] [OFF    ] book: [336,{"b":[["19237.30000","0.05531328","1656795617.290246"]],"c":"54124872"},"book-10","XBT/USD"] 

Jul 02, 2022 11:00:14 PM com.kraken.api.MessageHandler handleMessage
OFF: [2022-07-02 23:00:14] [OFF    ] book: [336,{"b":[["19232.60000","0.00000000","1656795617.312816"],["19232.10000","0.56543449","1656795614.658797","r"]],"c":"2855320198"},"book-10","XBT/USD"] 

Jul 02, 2022 11:00:14 PM com.kraken.api.MessageHandler handleMessage
OFF: [2022-07-02 23:00:14] [OFF    ] book: [336,{"b":[["19237.30000","0.07608416","1656795617.312848"]],"c":"1289403125"},"book-10","XBT/USD"] 

Jul 02, 2022 11:00:14 PM com.kraken.api.MessageHandler handleMessage
OFF: [2022-07-02 23:00:14] [OFF    ] book: [336,{"b":[["19236.80000","0.00000000","1656795617.320138"],["19231.70000","0.62699651","1656795605.436008","r"],["19237.20000","3.94381778","1656795617.320158"]],"c":"3947709654"},"book-10","XBT/USD"] 

Jul 02, 2022 11:00:14 PM com.kraken.api.MessageHandler handleMessage
OFF: [2022-07-02 23:00:14] [OFF    ] book: [336,{"a":[["19247.00000","0.68349272","1656795617.360699"]],"c":"4174915079"},"book-10","XBT/USD"] 

Jul 02, 2022 11:00:15 PM com.kraken.engine.TestEngine unSubscribeOrderBook
INFO: [2022-07-02 23:00:15] [INFO   ] unSubscribeOrderBook ticker = XBT/USD 

Jul 02, 2022 11:00:15 PM com.kraken.api.MessageHandler handleMessage
OFF: [2022-07-02 23:00:15] [OFF    ] book: [336,{"a":[["19241.00000","4.09956026","1656795617.853920"]],"c":"1574583914"},"book-10","XBT/USD"] 

Jul 02, 2022 11:00:15 PM com.kraken.api.MessageHandler handleMessage
OFF: [2022-07-02 23:00:15] [OFF    ] subscriptionStatus: {"channelID":336,"channelName":"book-10","event":"subscriptionStatus","pair":"XBT/USD","status":"unsubscribed","subscription":{"depth":10,"name":"book"}} 

]]></system-err>
  </testcase>
  <testcase name="validateSortingOfOrdersInBookSnapshot[XBT/EUR](2)" classname="com.kraken.tests.OrderBookTests" time="1.419">
    <system-err><![CDATA[Jul 02, 2022 11:00:15 PM com.kraken.engine.TestEngine cleanupAllMessages
INFO: [2022-07-02 23:00:15] [INFO   ] cleanupAllMessages 

Jul 02, 2022 11:00:15 PM com.kraken.engine.TestEngine subscribeOrderBook
INFO: [2022-07-02 23:00:15] [INFO   ] subscribeOrderBook ticker = XBT/EUR 

Jul 02, 2022 11:00:15 PM com.kraken.api.MessageHandler handleMessage
OFF: [2022-07-02 23:00:15] [OFF    ] subscriptionStatus: {"channelID":352,"channelName":"book-10","event":"subscriptionStatus","pair":"XBT/EUR","status":"subscribed","subscription":{"depth":10,"name":"book"}} 

Jul 02, 2022 11:00:16 PM com.kraken.engine.TestEngine validateSortingOfOrdersInBookSnapshot
INFO: [2022-07-02 23:00:16] [INFO   ] validateSortingOfOrdersInBookSnapshot 

Jul 02, 2022 11:00:16 PM com.kraken.api.MessageHandler handleMessage
OFF: [2022-07-02 23:00:16] [OFF    ] book: [352,{"as":[["18461.70000","0.01107955","1656795616.834692"],["18461.80000","4.31339574","1656795616.830566"],["18462.50000","0.16500000","1656795617.804657"],["18462.60000","0.01770496","1656795616.726058"],["18462.70000","0.01544427","1656795616.834664"],["18462.80000","0.01964335","1656795616.615312"],["18462.90000","0.01758581","1656795616.562576"],["18463.00000","0.41500000","1656795616.947448"],["18463.50000","0.13239260","1656795616.947465"],["18463.60000","0.02876528","1656795616.537543"]],"bs":[["18459.20000","0.04367566","1656795617.098500"],["18459.10000","0.03595210","1656795616.940275"],["18458.90000","0.03726703","1656795616.834505"],["18458.80000","3.89837059","1656795616.269965"],["18454.70000","0.25000000","1656795617.404782"],["18454.20000","0.49326074","1656795617.380070"],["18454.10000","0.14559210","1656795617.092936"],["18454.00000","7.11052373","1656795611.549232"],["18453.30000","0.31400000","1656795594.817398"],["18452.90000","0.30037700","1656795594.819561"]]},"book-10","XBT/EUR"] 

Jul 02, 2022 11:00:16 PM com.kraken.api.MessageHandler handleMessage
OFF: [2022-07-02 23:00:16] [OFF    ] book: [352,{"a":[["18463.50000","0.00000000","1656795618.852900"],["18463.70000","0.02127283","1656795616.572339","r"],["18463.00000","0.54739260","1656795618.852926"]],"c":"3355073498"},"book-10","XBT/EUR"] 

Jul 02, 2022 11:00:16 PM com.kraken.engine.TestEngine unSubscribeOrderBook
INFO: [2022-07-02 23:00:16] [INFO   ] unSubscribeOrderBook ticker = XBT/EUR 

Jul 02, 2022 11:00:16 PM com.kraken.api.MessageHandler handleMessage
OFF: [2022-07-02 23:00:16] [OFF    ] subscriptionStatus: {"channelID":352,"channelName":"book-10","event":"subscriptionStatus","pair":"XBT/EUR","status":"unsubscribed","subscription":{"depth":10,"name":"book"}} 

]]></system-err>
  </testcase>
  <testcase name="validateSymbolIsCorrect[XBT/USD](1)" classname="com.kraken.tests.OrderBookTests" time="1.708">
    <system-err><![CDATA[Jul 02, 2022 11:00:17 PM com.kraken.engine.TestEngine cleanupAllMessages
INFO: [2022-07-02 23:00:17] [INFO   ] cleanupAllMessages 

Jul 02, 2022 11:00:17 PM com.kraken.engine.TestEngine subscribeOrderBook
INFO: [2022-07-02 23:00:17] [INFO   ] subscribeOrderBook ticker = XBT/USD 

Jul 02, 2022 11:00:17 PM com.kraken.api.MessageHandler handleMessage
OFF: [2022-07-02 23:00:17] [OFF    ] subscriptionStatus: {"channelID":336,"channelName":"book-10","event":"subscriptionStatus","pair":"XBT/USD","status":"subscribed","subscription":{"depth":10,"name":"book"}} 

Jul 02, 2022 11:00:17 PM com.kraken.engine.TestEngine validateSymbolInOrderBookMessages
INFO: [2022-07-02 23:00:17] [INFO   ] validateSymbolInOrderBookMessages ticker = XBT/USD 

Jul 02, 2022 11:00:17 PM com.kraken.api.MessageHandler handleMessage
OFF: [2022-07-02 23:00:17] [OFF    ] book: [336,{"as":[["19241.00000","4.09793810","1656795618.017206"],["19241.50000","0.18844239","1656795616.281151"],["19243.90000","0.00287089","1656795616.136051"],["19244.50000","1.08539252","1656795616.798309"],["19247.00000","0.68349272","1656795617.360699"],["19247.10000","7.79674115","1656795616.449656"],["19248.00000","2.08100000","1656795616.570044"],["19248.20000","0.33299743","1656795616.845129"],["19248.30000","0.27083089","1656795611.428984"],["19249.00000","7.79660733","1656795616.935624"]],"bs":[["19240.90000","2.47210235","1656795616.499160"],["19237.80000","0.00025770","1656795577.711085"],["19237.30000","0.07608416","1656795617.312848"],["19237.20000","3.94381778","1656795617.320158"],["19236.90000","0.25000000","1656795619.413402"],["19235.20000","0.27029857","1656795561.354090"],["19232.50000","0.57023401","1656795606.964889"],["19232.30000","0.00249668","1656795574.802502"],["19232.10000","0.56543449","1656795614.658797"],["19231.70000","0.62699651","1656795605.436008"]]},"book-10","XBT/USD"] 

Jul 02, 2022 11:00:18 PM com.kraken.engine.TestEngine assertEquals
INFO: [2022-07-02 23:00:18] [INFO   ] assertEquals 

Jul 02, 2022 11:00:18 PM com.kraken.engine.TestEngine unSubscribeOrderBook
INFO: [2022-07-02 23:00:18] [INFO   ] unSubscribeOrderBook ticker = XBT/USD 

Jul 02, 2022 11:00:18 PM com.kraken.api.MessageHandler handleMessage
OFF: [2022-07-02 23:00:18] [OFF    ] book: [336,{"a":[["19248.00000","0.00000000","1656795620.884906"],["19249.50000","0.00252072","1656795614.626585","r"],["19246.90000","2.08100000","1656795620.884925"]],"c":"3405768722"},"book-10","XBT/USD"] 

Jul 02, 2022 11:00:18 PM com.kraken.api.MessageHandler handleMessage
OFF: [2022-07-02 23:00:18] [OFF    ] book: [336,{"a":[["19247.00000","0.57920872","1656795620.922159"]],"c":"902295031"},"book-10","XBT/USD"] 

Jul 02, 2022 11:00:18 PM com.kraken.api.MessageHandler handleMessage
OFF: [2022-07-02 23:00:18] [OFF    ] book: [336,{"b":[["19237.20000","0.04544719","1656795620.924770"]],"c":"1785153649"},"book-10","XBT/USD"] 

Jul 02, 2022 11:00:18 PM com.kraken.api.MessageHandler handleMessage
OFF: [2022-07-02 23:00:18] [OFF    ] book: [336,{"a":[["19246.80000","0.10428400","1656795620.946869"]],"c":"835849562"},"book-10","XBT/USD"] 

Jul 02, 2022 11:00:18 PM com.kraken.api.MessageHandler handleMessage
OFF: [2022-07-02 23:00:18] [OFF    ] book: [336,{"b":[["19237.30000","0.02077088","1656795620.955538"]],"c":"1648877964"},"book-10","XBT/USD"] 

Jul 02, 2022 11:00:18 PM com.kraken.api.MessageHandler handleMessage
OFF: [2022-07-02 23:00:18] [OFF    ] book: [336,{"b":[["19237.30000","0.00000000","1656795620.962151"],["19231.60000","2.19543138","1656795610.655717","r"]],"c":"1987129442"},"book-10","XBT/USD"] 

Jul 02, 2022 11:00:18 PM com.kraken.api.MessageHandler handleMessage
OFF: [2022-07-02 23:00:18] [OFF    ] book: [336,{"b":[["19232.60000","0.02077891","1656795620.966051"]],"c":"3183495483"},"book-10","XBT/USD"] 

Jul 02, 2022 11:00:18 PM com.kraken.api.MessageHandler handleMessage
OFF: [2022-07-02 23:00:18] [OFF    ] book: [336,{"b":[["19236.60000","3.89843201","1656795620.976446"]],"c":"2863916267"},"book-10","XBT/USD"] 

Jul 02, 2022 11:00:18 PM com.kraken.api.MessageHandler handleMessage
OFF: [2022-07-02 23:00:18] [OFF    ] book: [336,{"b":[["19232.60000","0.07609219","1656795620.979229"]],"c":"4038993177"},"book-10","XBT/USD"] 

Jul 02, 2022 11:00:18 PM com.kraken.api.MessageHandler handleMessage
OFF: [2022-07-02 23:00:18] [OFF    ] subscriptionStatus: {"channelID":336,"channelName":"book-10","event":"subscriptionStatus","pair":"XBT/USD","status":"unsubscribed","subscription":{"depth":10,"name":"book"}} 

]]></system-err>
  </testcase>
  <testcase name="validateSymbolIsCorrect[XBT/EUR](2)" classname="com.kraken.tests.OrderBookTests" time="2.247">
    <system-err><![CDATA[Jul 02, 2022 11:00:18 PM com.kraken.engine.TestEngine cleanupAllMessages
INFO: [2022-07-02 23:00:18] [INFO   ] cleanupAllMessages 

Jul 02, 2022 11:00:18 PM com.kraken.engine.TestEngine subscribeOrderBook
INFO: [2022-07-02 23:00:18] [INFO   ] subscribeOrderBook ticker = XBT/EUR 

Jul 02, 2022 11:00:18 PM com.kraken.api.MessageHandler handleMessage
OFF: [2022-07-02 23:00:18] [OFF    ] subscriptionStatus: {"channelID":352,"channelName":"book-10","event":"subscriptionStatus","pair":"XBT/EUR","status":"subscribed","subscription":{"depth":10,"name":"book"}} 

Jul 02, 2022 11:00:19 PM com.kraken.api.MessageHandler handleMessage
OFF: [2022-07-02 23:00:19] [OFF    ] book: [352,{"as":[["18460.70000","0.01107955","1656795621.749867"],["18460.80000","0.18500000","1656795621.577087"],["18461.00000","0.41500000","1656795621.087558"],["18461.30000","3.89843201","1656795620.977711"],["18461.80000","0.41500000","1656795620.925690"],["18462.60000","0.01770496","1656795616.726058"],["18462.70000","0.01544427","1656795616.834664"],["18462.80000","0.01964335","1656795616.615312"],["18462.90000","0.01758581","1656795616.562576"],["18463.00000","0.13239260","1656795621.088744"]],"bs":[["18459.20000","0.03041856","1656795621.759059"],["18459.10000","0.03595210","1656795616.940275"],["18458.90000","0.03726703","1656795616.834505"],["18458.10000","3.89843201","1656795620.978132"],["18454.30000","0.25000000","1656795620.968901"],["18454.20000","0.49326074","1656795617.380070"],["18454.10000","0.14559210","1656795617.092936"],["18454.00000","7.11052373","1656795611.549232"],["18453.30000","0.31400000","1656795594.817398"],["18452.90000","0.30037700","1656795594.819561"]]},"book-10","XBT/EUR"] 

Jul 02, 2022 11:00:19 PM com.kraken.api.MessageHandler handleMessage
OFF: [2022-07-02 23:00:19] [OFF    ] book: [352,{"b":[["18459.20000","0.00857444","1656795621.819016"]],"c":"2881880210"},"book-10","XBT/EUR"] 

Jul 02, 2022 11:00:19 PM com.kraken.api.MessageHandler handleMessage
OFF: [2022-07-02 23:00:19] [OFF    ] book: [352,{"b":[["18458.90000","0.00000000","1656795621.819394"],["18450.70000","0.18477962","1656795618.474628","r"]],"c":"54679479"},"book-10","XBT/EUR"] 

Jul 02, 2022 11:00:19 PM com.kraken.api.MessageHandler handleMessage
OFF: [2022-07-02 23:00:19] [OFF    ] book: [352,{"b":[["18459.10000","0.00000000","1656795621.821588"],["18450.60000","7.79614132","1656795512.274314","r"]],"c":"4076765588"},"book-10","XBT/EUR"] 

Jul 02, 2022 11:00:19 PM com.kraken.engine.TestEngine validateSymbolInOrderBookMessages
INFO: [2022-07-02 23:00:19] [INFO   ] validateSymbolInOrderBookMessages ticker = XBT/EUR 

Jul 02, 2022 11:00:19 PM com.kraken.api.MessageHandler handleMessage
OFF: [2022-07-02 23:00:19] [OFF    ] book: [352,{"b":[["18458.10000","0.00000000","1656795621.832688"],["18449.80000","0.40000000","1656795617.420338","r"]],"c":"3917863027"},"book-10","XBT/EUR"] 

Jul 02, 2022 11:00:19 PM com.kraken.api.MessageHandler handleMessage
OFF: [2022-07-02 23:00:19] [OFF    ] book: [352,{"b":[["18454.00000","0.04278729","1656795621.833230"]],"c":"1909987899"},"book-10","XBT/EUR"] 

Jul 02, 2022 11:00:19 PM com.kraken.api.MessageHandler handleMessage
OFF: [2022-07-02 23:00:19] [OFF    ] book: [352,{"a":[["18461.30000","0.00000000","1656795621.833259"],["18463.60000","1.32776528","1656795621.820275","r"]],"c":"2834888227"},"book-10","XBT/EUR"] 

Jul 02, 2022 11:00:19 PM com.kraken.api.MessageHandler handleMessage
OFF: [2022-07-02 23:00:19] [OFF    ] book: [352,{"a":[["18463.00000","0.00000000","1656795621.836445"],["18463.70000","0.02127283","1656795616.572339","r"],["18462.70000","0.14783687","1656795621.836460"]],"c":"3098896345"},"book-10","XBT/EUR"] 

Jul 02, 2022 11:00:19 PM com.kraken.api.MessageHandler handleMessage
OFF: [2022-07-02 23:00:19] [OFF    ] book: [352,{"a":[["18460.70000","0.01171165","1656795621.867304"]],"c":"80379384"},"book-10","XBT/EUR"] 

Jul 02, 2022 11:00:19 PM com.kraken.api.MessageHandler handleMessage
OFF: [2022-07-02 23:00:19] [OFF    ] book: [352,{"a":[["18461.80000","0.00000000","1656795621.869982"],["18463.80000","0.01279253","1656795616.728634","r"]],"c":"2780263551"},"book-10","XBT/EUR"] 

Jul 02, 2022 11:00:19 PM com.kraken.api.MessageHandler handleMessage
OFF: [2022-07-02 23:00:19] [OFF    ] book: [352,{"a":[["18460.70000","0.42671165","1656795621.871588"]],"c":"2363078438"},"book-10","XBT/EUR"] 

Jul 02, 2022 11:00:19 PM com.kraken.api.MessageHandler handleMessage
OFF: [2022-07-02 23:00:19] [OFF    ] book: [352,{"b":[["18454.40000","0.02597800","1656795621.872723"]],"c":"3356434630"},"book-10","XBT/EUR"] 

Jul 02, 2022 11:00:19 PM com.kraken.api.MessageHandler handleMessage
OFF: [2022-07-02 23:00:19] [OFF    ] book: [352,{"a":[["18460.60000","3.89858912","1656795621.880126"]],"c":"930540865"},"book-10","XBT/EUR"] 

Jul 02, 2022 11:00:19 PM com.kraken.api.MessageHandler handleMessage
OFF: [2022-07-02 23:00:19] [OFF    ] book: [352,{"b":[["18457.30000","3.89858912","1656795621.880473"]],"c":"2064379977"},"book-10","XBT/EUR"] 

Jul 02, 2022 11:00:19 PM com.kraken.api.MessageHandler handleMessage
OFF: [2022-07-02 23:00:19] [OFF    ] book: [352,{"b":[["18454.20000","0.00000000","1656795621.880575"],["18450.60000","7.79614132","1656795512.274314","r"]],"c":"3430079006"},"book-10","XBT/EUR"] 

Jul 02, 2022 11:00:19 PM com.kraken.api.MessageHandler handleMessage
OFF: [2022-07-02 23:00:19] [OFF    ] book: [352,{"b":[["18454.10000","0.00000000","1656795621.887748"],["18449.80000","0.40000000","1656795617.420338","r"]],"c":"1375861844"},"book-10","XBT/EUR"] 

Jul 02, 2022 11:00:19 PM com.kraken.api.MessageHandler handleMessage
OFF: [2022-07-02 23:00:19] [OFF    ] book: [352,{"b":[["18455.40000","0.31000000","1656795621.895997"]],"c":"2219755046"},"book-10","XBT/EUR"] 

Jul 02, 2022 11:00:19 PM com.kraken.api.MessageHandler handleMessage
OFF: [2022-07-02 23:00:19] [OFF    ] book: [352,{"b":[["18454.40000","0.00000000","1656795621.918396"],["18449.80000","0.40000000","1656795617.420338","r"]],"c":"3506864803"},"book-10","XBT/EUR"] 

Jul 02, 2022 11:00:19 PM com.kraken.api.MessageHandler handleMessage
OFF: [2022-07-02 23:00:19] [OFF    ] book: [352,{"b":[["18450.80000","0.49820355","1656795621.929124"]],"c":"1738053588"},"book-10","XBT/EUR"] 

Jul 02, 2022 11:00:19 PM com.kraken.api.MessageHandler handleMessage
OFF: [2022-07-02 23:00:19] [OFF    ] book: [352,{"b":[["18455.40000","0.00000000","1656795621.982864"],["18449.80000","0.40000000","1656795617.420338","r"]],"c":"3510612358"},"book-10","XBT/EUR"] 

Jul 02, 2022 11:00:19 PM com.kraken.api.MessageHandler handleMessage
OFF: [2022-07-02 23:00:19] [OFF    ] book: [352,{"b":[["18459.20000","0.00000000","1656795621.982959"],["18449.70000","0.03835904","1656795567.077389","r"],["18457.40000","0.00857527","1656795621.982985"]],"c":"3095322787"},"book-10","XBT/EUR"] 

Jul 02, 2022 11:00:19 PM com.kraken.api.MessageHandler handleMessage
OFF: [2022-07-02 23:00:19] [OFF    ] book: [352,{"b":[["18457.80000","0.31000000","1656795621.983076"]],"c":"2318131293"},"book-10","XBT/EUR"] 

Jul 02, 2022 11:00:19 PM com.kraken.api.MessageHandler handleMessage
OFF: [2022-07-02 23:00:19] [OFF    ] book: [352,{"a":[["18460.70000","0.41563210","1656795621.983696"]],"c":"2915405249"},"book-10","XBT/EUR"] 

Jul 02, 2022 11:00:19 PM com.kraken.api.MessageHandler handleMessage
OFF: [2022-07-02 23:00:19] [OFF    ] book: [352,{"a":[["18460.70000","0.41500000","1656795621.983796"]],"c":"2466040714"},"book-10","XBT/EUR"] 

Jul 02, 2022 11:00:19 PM com.kraken.api.MessageHandler handleMessage
OFF: [2022-07-02 23:00:19] [OFF    ] book: [352,{"b":[["18457.40000","0.03582823","1656795622.037034"]],"c":"906477470"},"book-10","XBT/EUR"] 

Jul 02, 2022 11:00:19 PM com.kraken.api.MessageHandler handleMessage
OFF: [2022-07-02 23:00:19] [OFF    ] book: [352,{"a":[["18461.00000","0.00000000","1656795622.093890"],["18463.80000","0.01279253","1656795616.728634","r"]],"c":"103088118"},"book-10","XBT/EUR"] 

Jul 02, 2022 11:00:19 PM com.kraken.api.MessageHandler handleMessage
OFF: [2022-07-02 23:00:19] [OFF    ] book: [352,{"a":[["18460.40000","0.41500000","1656795622.096266"]],"c":"4147990728"},"book-10","XBT/EUR"] 

Jul 02, 2022 11:00:19 PM com.kraken.api.MessageHandler handleMessage
OFF: [2022-07-02 23:00:19] [OFF    ] book: [352,{"b":[["18457.40000","0.02725296","1656795622.125062"],["18457.90000","0.00857504","1656795622.125076"]],"c":"2731081121"},"book-10","XBT/EUR"] 

Jul 02, 2022 11:00:19 PM com.kraken.api.MessageHandler handleMessage
OFF: [2022-07-02 23:00:19] [OFF    ] book: [352,{"b":[["18457.90000","0.04227570","1656795622.177476"]],"c":"1614202246"},"book-10","XBT/EUR"] 

Jul 02, 2022 11:00:19 PM com.kraken.engine.TestEngine assertEquals
INFO: [2022-07-02 23:00:19] [INFO   ] assertEquals 

Jul 02, 2022 11:00:19 PM com.kraken.engine.TestEngine assertEquals
INFO: [2022-07-02 23:00:19] [INFO   ] assertEquals 

Jul 02, 2022 11:00:19 PM com.kraken.engine.TestEngine assertEquals
INFO: [2022-07-02 23:00:19] [INFO   ] assertEquals 

Jul 02, 2022 11:00:19 PM com.kraken.engine.TestEngine assertEquals
INFO: [2022-07-02 23:00:19] [INFO   ] assertEquals 

Jul 02, 2022 11:00:19 PM com.kraken.engine.TestEngine assertEquals
INFO: [2022-07-02 23:00:19] [INFO   ] assertEquals 

Jul 02, 2022 11:00:19 PM com.kraken.engine.TestEngine assertEquals
INFO: [2022-07-02 23:00:19] [INFO   ] assertEquals 

Jul 02, 2022 11:00:19 PM com.kraken.engine.TestEngine assertEquals
INFO: [2022-07-02 23:00:19] [INFO   ] assertEquals 

Jul 02, 2022 11:00:19 PM com.kraken.engine.TestEngine assertEquals
INFO: [2022-07-02 23:00:19] [INFO   ] assertEquals 

Jul 02, 2022 11:00:19 PM com.kraken.engine.TestEngine assertEquals
INFO: [2022-07-02 23:00:19] [INFO   ] assertEquals 

Jul 02, 2022 11:00:19 PM com.kraken.engine.TestEngine assertEquals
INFO: [2022-07-02 23:00:19] [INFO   ] assertEquals 

Jul 02, 2022 11:00:19 PM com.kraken.engine.TestEngine assertEquals
INFO: [2022-07-02 23:00:19] [INFO   ] assertEquals 

Jul 02, 2022 11:00:19 PM com.kraken.engine.TestEngine assertEquals
INFO: [2022-07-02 23:00:19] [INFO   ] assertEquals 

Jul 02, 2022 11:00:19 PM com.kraken.engine.TestEngine assertEquals
INFO: [2022-07-02 23:00:19] [INFO   ] assertEquals 

Jul 02, 2022 11:00:19 PM com.kraken.engine.TestEngine assertEquals
INFO: [2022-07-02 23:00:19] [INFO   ] assertEquals 

Jul 02, 2022 11:00:19 PM com.kraken.engine.TestEngine assertEquals
INFO: [2022-07-02 23:00:19] [INFO   ] assertEquals 

Jul 02, 2022 11:00:19 PM com.kraken.engine.TestEngine assertEquals
INFO: [2022-07-02 23:00:19] [INFO   ] assertEquals 

Jul 02, 2022 11:00:19 PM com.kraken.engine.TestEngine assertEquals
INFO: [2022-07-02 23:00:19] [INFO   ] assertEquals 

Jul 02, 2022 11:00:19 PM com.kraken.engine.TestEngine assertEquals
INFO: [2022-07-02 23:00:19] [INFO   ] assertEquals 

Jul 02, 2022 11:00:19 PM com.kraken.engine.TestEngine assertEquals
INFO: [2022-07-02 23:00:19] [INFO   ] assertEquals 

Jul 02, 2022 11:00:19 PM com.kraken.engine.TestEngine assertEquals
INFO: [2022-07-02 23:00:19] [INFO   ] assertEquals 

Jul 02, 2022 11:00:19 PM com.kraken.engine.TestEngine assertEquals
INFO: [2022-07-02 23:00:19] [INFO   ] assertEquals 

Jul 02, 2022 11:00:19 PM com.kraken.engine.TestEngine assertEquals
INFO: [2022-07-02 23:00:19] [INFO   ] assertEquals 

Jul 02, 2022 11:00:19 PM com.kraken.engine.TestEngine assertEquals
INFO: [2022-07-02 23:00:19] [INFO   ] assertEquals 

Jul 02, 2022 11:00:19 PM com.kraken.engine.TestEngine assertEquals
INFO: [2022-07-02 23:00:19] [INFO   ] assertEquals 

Jul 02, 2022 11:00:19 PM com.kraken.engine.TestEngine assertEquals
INFO: [2022-07-02 23:00:19] [INFO   ] assertEquals 

Jul 02, 2022 11:00:19 PM com.kraken.engine.TestEngine assertEquals
INFO: [2022-07-02 23:00:19] [INFO   ] assertEquals 

Jul 02, 2022 11:00:19 PM com.kraken.engine.TestEngine assertEquals
INFO: [2022-07-02 23:00:19] [INFO   ] assertEquals 

Jul 02, 2022 11:00:19 PM com.kraken.engine.TestEngine assertEquals
INFO: [2022-07-02 23:00:19] [INFO   ] assertEquals 

Jul 02, 2022 11:00:19 PM com.kraken.engine.TestEngine assertEquals
INFO: [2022-07-02 23:00:19] [INFO   ] assertEquals 

Jul 02, 2022 11:00:19 PM com.kraken.engine.TestEngine unSubscribeOrderBook
INFO: [2022-07-02 23:00:19] [INFO   ] unSubscribeOrderBook ticker = XBT/EUR 

Jul 02, 2022 11:00:19 PM com.kraken.api.MessageHandler handleMessage
OFF: [2022-07-02 23:00:19] [OFF    ] book: [352,{"a":[["18460.30000","0.01171165","1656795622.349504"]],"c":"1184214714"},"book-10","XBT/EUR"] 

Jul 02, 2022 11:00:19 PM com.kraken.api.MessageHandler handleMessage
OFF: [2022-07-02 23:00:19] [OFF    ] book: [352,{"a":[["18460.80000","0.00000000","1656795622.431039"],["18463.70000","0.02127283","1656795616.572339","r"]],"c":"207384601"},"book-10","XBT/EUR"] 

Jul 02, 2022 11:00:19 PM com.kraken.api.MessageHandler handleMessage
OFF: [2022-07-02 23:00:19] [OFF    ] book: [352,{"b":[["18450.70000","0.31865502","1656795622.483776"]],"c":"1678396693"},"book-10","XBT/EUR"] 

Jul 02, 2022 11:00:20 PM com.kraken.api.MessageHandler handleMessage
OFF: [2022-07-02 23:00:20] [OFF    ] subscriptionStatus: {"channelID":352,"channelName":"book-10","event":"subscriptionStatus","pair":"XBT/EUR","status":"unsubscribed","subscription":{"depth":10,"name":"book"}} 

]]></system-err>
  </testcase>
  <testcase name="validateBestAskIsGreaterThanBestBid[XBT/USD](1)" classname="com.kraken.tests.TickerTests" time="1.404">
    <system-err><![CDATA[Jul 02, 2022 11:00:20 PM com.kraken.engine.TestEngine cleanupAllMessages
INFO: [2022-07-02 23:00:20] [INFO   ] cleanupAllMessages 

Jul 02, 2022 11:00:20 PM com.kraken.engine.TestEngine logout
INFO: [2022-07-02 23:00:20] [INFO   ] logout 

Jul 02, 2022 11:00:21 PM com.kraken.api.MessageHandler handleMessage
OFF: [2022-07-02 23:00:21] [OFF    ] systemStatus: {"connectionID":17924288719053838751,"event":"systemStatus","status":"online","version":"1.9.0"} 

Jul 02, 2022 11:00:21 PM com.kraken.engine.TestEngine subscribeTicker
INFO: [2022-07-02 23:00:21] [INFO   ] subscribeTicker ticker = XBT/USD 

Jul 02, 2022 11:00:21 PM com.kraken.api.MessageHandler handleMessage
OFF: [2022-07-02 23:00:21] [OFF    ] subscriptionStatus: {"channelID":340,"channelName":"ticker","event":"subscriptionStatus","pair":"XBT/USD","status":"subscribed","subscription":{"name":"ticker"}} 

Jul 02, 2022 11:00:21 PM com.kraken.api.MessageHandler handleMessage
OFF: [2022-07-02 23:00:21] [OFF    ] ticker: [340,{"a":["19239.50000",4,"4.08949667"],"b":["19239.40000",2,"2.54229449"],"c":["19241.00000","0.00043249"],"v":["1193.67430771","1775.98226878"],"p":["19222.14908","19274.45759"],"t":[13994,16697],"l":["18969.60000","18969.60000"],"h":["19430.40000","19489.10000"],"o":["19250.80000","19416.30000"]},"ticker","XBT/USD"] 

Jul 02, 2022 11:00:21 PM com.kraken.engine.TestEngine validateAskPriceIsGreaterThanBidPrice
INFO: [2022-07-02 23:00:21] [INFO   ] validateAskPriceIsGreaterThanBidPrice 

Jul 02, 2022 11:00:22 PM com.kraken.engine.TestEngine unSubscribeTicker
INFO: [2022-07-02 23:00:22] [INFO   ] unSubscribeTicker ticker = XBT/USD 

Jul 02, 2022 11:00:22 PM com.kraken.api.MessageHandler handleMessage
OFF: [2022-07-02 23:00:22] [OFF    ] subscriptionStatus: {"channelID":340,"channelName":"ticker","event":"subscriptionStatus","pair":"XBT/USD","status":"unsubscribed","subscription":{"name":"ticker"}} 

]]></system-err>
  </testcase>
  <testcase name="validateBestAskIsGreaterThanBestBid[XBT/EUR](2)" classname="com.kraken.tests.TickerTests" time="1.5">
    <system-err><![CDATA[Jul 02, 2022 11:00:22 PM com.kraken.engine.TestEngine cleanupAllMessages
INFO: [2022-07-02 23:00:22] [INFO   ] cleanupAllMessages 

Jul 02, 2022 11:00:22 PM com.kraken.engine.TestEngine subscribeTicker
INFO: [2022-07-02 23:00:22] [INFO   ] subscribeTicker ticker = XBT/EUR 

Jul 02, 2022 11:00:22 PM com.kraken.api.MessageHandler handleMessage
OFF: [2022-07-02 23:00:22] [OFF    ] subscriptionStatus: {"channelID":356,"channelName":"ticker","event":"subscriptionStatus","pair":"XBT/EUR","status":"subscribed","subscription":{"name":"ticker"}} 

Jul 02, 2022 11:00:22 PM com.kraken.api.MessageHandler handleMessage
OFF: [2022-07-02 23:00:22] [OFF    ] ticker: [356,{"a":["18460.30000",0,"0.00240307"],"b":["18458.40000",0,"0.03984225"],"c":["18460.30000","0.00498482"],"v":["773.54604069","924.63062178"],"p":["18446.84587","18468.46225"],"t":[13089,14940],"l":["18214.40000","18214.40000"],"h":["18637.80000","18691.00000"],"o":["18470.60000","18620.20000"]},"ticker","XBT/EUR"] 

Jul 02, 2022 11:00:23 PM com.kraken.engine.TestEngine validateAskPriceIsGreaterThanBidPrice
INFO: [2022-07-02 23:00:23] [INFO   ] validateAskPriceIsGreaterThanBidPrice 

Jul 02, 2022 11:00:23 PM com.kraken.engine.TestEngine unSubscribeTicker
INFO: [2022-07-02 23:00:23] [INFO   ] unSubscribeTicker ticker = XBT/EUR 

Jul 02, 2022 11:00:23 PM com.kraken.api.MessageHandler handleMessage
OFF: [2022-07-02 23:00:23] [OFF    ] subscriptionStatus: {"channelID":356,"channelName":"ticker","event":"subscriptionStatus","pair":"XBT/EUR","status":"unsubscribed","subscription":{"name":"ticker"}} 

]]></system-err>
  </testcase>
  <testcase name="validateBidAndAskPricesAreWithInDailyHighAndLow[XBT/USD](1)" classname="com.kraken.tests.TickerTests" time="1.521">
    <system-err><![CDATA[Jul 02, 2022 11:00:24 PM com.kraken.engine.TestEngine cleanupAllMessages
INFO: [2022-07-02 23:00:24] [INFO   ] cleanupAllMessages 

Jul 02, 2022 11:00:24 PM com.kraken.engine.TestEngine subscribeTicker
INFO: [2022-07-02 23:00:24] [INFO   ] subscribeTicker ticker = XBT/USD 

Jul 02, 2022 11:00:24 PM com.kraken.api.MessageHandler handleMessage
OFF: [2022-07-02 23:00:24] [OFF    ] subscriptionStatus: {"channelID":340,"channelName":"ticker","event":"subscriptionStatus","pair":"XBT/USD","status":"subscribed","subscription":{"name":"ticker"}} 

Jul 02, 2022 11:00:24 PM com.kraken.api.MessageHandler handleMessage
OFF: [2022-07-02 23:00:24] [OFF    ] ticker: [340,{"a":["19239.50000",3,"3.99858912"],"b":["19239.40000",2,"2.28229449"],"c":["19241.00000","0.00043249"],"v":["1193.67430771","1775.98226878"],"p":["19222.14908","19274.45759"],"t":[13994,16697],"l":["18969.60000","18969.60000"],"h":["19430.40000","19489.10000"],"o":["19250.80000","19416.30000"]},"ticker","XBT/USD"] 

Jul 02, 2022 11:00:24 PM com.kraken.engine.TestEngine validateBidAndAskPricesAreWithInDailyHighAndLow
INFO: [2022-07-02 23:00:24] [INFO   ] validateBidAndAskPricesAreWithInDailyHighAndLow 

Jul 02, 2022 11:00:25 PM com.kraken.engine.TestEngine unSubscribeTicker
INFO: [2022-07-02 23:00:25] [INFO   ] unSubscribeTicker ticker = XBT/USD 

Jul 02, 2022 11:00:25 PM com.kraken.api.MessageHandler handleMessage
OFF: [2022-07-02 23:00:25] [OFF    ] subscriptionStatus: {"channelID":340,"channelName":"ticker","event":"subscriptionStatus","pair":"XBT/USD","status":"unsubscribed","subscription":{"name":"ticker"}} 

]]></system-err>
  </testcase>
  <testcase name="validateBidAndAskPricesAreWithInDailyHighAndLow[XBT/EUR](2)" classname="com.kraken.tests.TickerTests" time="1.569">
    <system-err><![CDATA[Jul 02, 2022 11:00:25 PM com.kraken.engine.TestEngine cleanupAllMessages
INFO: [2022-07-02 23:00:25] [INFO   ] cleanupAllMessages 

Jul 02, 2022 11:00:25 PM com.kraken.engine.TestEngine subscribeTicker
INFO: [2022-07-02 23:00:25] [INFO   ] subscribeTicker ticker = XBT/EUR 

Jul 02, 2022 11:00:25 PM com.kraken.api.MessageHandler handleMessage
OFF: [2022-07-02 23:00:25] [OFF    ] subscriptionStatus: {"channelID":356,"channelName":"ticker","event":"subscriptionStatus","pair":"XBT/EUR","status":"subscribed","subscription":{"name":"ticker"}} 

Jul 02, 2022 11:00:25 PM com.kraken.api.MessageHandler handleMessage
OFF: [2022-07-02 23:00:25] [OFF    ] ticker: [356,{"a":["18460.40000",0,"0.01018940"],"b":["18458.50000",0,"0.03075309"],"c":["18458.40000","0.00778633"],"v":["773.55382702","924.63840811"],"p":["18446.84599","18468.46216"],"t":[13090,14941],"l":["18214.40000","18214.40000"],"h":["18637.80000","18691.00000"],"o":["18470.60000","18620.20000"]},"ticker","XBT/EUR"] 

Jul 02, 2022 11:00:26 PM com.kraken.api.MessageHandler handleMessage
OFF: [2022-07-02 23:00:26] [OFF    ] ticker: [356,{"a":["18460.30000",0,"0.13500000"],"b":["18458.50000",0,"0.02175309"],"c":["18458.50000","0.00900000"],"v":["773.56282702","924.64740811"],"p":["18446.84612","18468.46207"],"t":[13091,14942],"l":["18214.40000","18214.40000"],"h":["18637.80000","18691.00000"],"o":["18470.60000","18620.20000"]},"ticker","XBT/EUR"] 

Jul 02, 2022 11:00:26 PM com.kraken.engine.TestEngine validateBidAndAskPricesAreWithInDailyHighAndLow
INFO: [2022-07-02 23:00:26] [INFO   ] validateBidAndAskPricesAreWithInDailyHighAndLow 

Jul 02, 2022 11:00:26 PM com.kraken.engine.TestEngine unSubscribeTicker
INFO: [2022-07-02 23:00:26] [INFO   ] unSubscribeTicker ticker = XBT/EUR 

Jul 02, 2022 11:00:26 PM com.kraken.api.MessageHandler handleMessage
OFF: [2022-07-02 23:00:26] [OFF    ] subscriptionStatus: {"channelID":356,"channelName":"ticker","event":"subscriptionStatus","pair":"XBT/EUR","status":"unsubscribed","subscription":{"name":"ticker"}} 

]]></system-err>
  </testcase>
  <testcase name="validateOpenAndClosePricesAreWithInDailyHighAndLow[XBT/USD](1)" classname="com.kraken.tests.TickerTests" time="1.482">
    <system-err><![CDATA[Jul 02, 2022 11:00:27 PM com.kraken.engine.TestEngine cleanupAllMessages
INFO: [2022-07-02 23:00:27] [INFO   ] cleanupAllMessages 

Jul 02, 2022 11:00:27 PM com.kraken.engine.TestEngine subscribeTicker
INFO: [2022-07-02 23:00:27] [INFO   ] subscribeTicker ticker = XBT/USD 

Jul 02, 2022 11:00:27 PM com.kraken.api.MessageHandler handleMessage
OFF: [2022-07-02 23:00:27] [OFF    ] subscriptionStatus: {"channelID":340,"channelName":"ticker","event":"subscriptionStatus","pair":"XBT/USD","status":"subscribed","subscription":{"name":"ticker"}} 

Jul 02, 2022 11:00:27 PM com.kraken.api.MessageHandler handleMessage
OFF: [2022-07-02 23:00:27] [OFF    ] ticker: [340,{"a":["19239.50000",3,"3.99858912"],"b":["19239.40000",2,"2.28229449"],"c":["19241.00000","0.00043249"],"v":["1193.67430771","1774.62567555"],"p":["19222.14908","19274.34916"],"t":[13994,16695],"l":["18969.60000","18969.60000"],"h":["19430.40000","19489.10000"],"o":["19250.80000","19418.60000"]},"ticker","XBT/USD"] 

Jul 02, 2022 11:00:27 PM com.kraken.engine.TestEngine validateOpenAndClosePricesAreWithInDailyHighAndLow
INFO: [2022-07-02 23:00:27] [INFO   ] validateOpenAndClosePricesAreWithInDailyHighAndLow 

Jul 02, 2022 11:00:28 PM com.kraken.engine.TestEngine unSubscribeTicker
INFO: [2022-07-02 23:00:28] [INFO   ] unSubscribeTicker ticker = XBT/USD 

Jul 02, 2022 11:00:28 PM com.kraken.api.MessageHandler handleMessage
OFF: [2022-07-02 23:00:28] [OFF    ] subscriptionStatus: {"channelID":340,"channelName":"ticker","event":"subscriptionStatus","pair":"XBT/USD","status":"unsubscribed","subscription":{"name":"ticker"}} 

]]></system-err>
  </testcase>
  <testcase name="validateOpenAndClosePricesAreWithInDailyHighAndLow[XBT/EUR](2)" classname="com.kraken.tests.TickerTests" time="1.53">
    <system-err><![CDATA[Jul 02, 2022 11:00:28 PM com.kraken.engine.TestEngine cleanupAllMessages
INFO: [2022-07-02 23:00:28] [INFO   ] cleanupAllMessages 

Jul 02, 2022 11:00:28 PM com.kraken.engine.TestEngine subscribeTicker
INFO: [2022-07-02 23:00:28] [INFO   ] subscribeTicker ticker = XBT/EUR 

Jul 02, 2022 11:00:29 PM com.kraken.api.MessageHandler handleMessage
OFF: [2022-07-02 23:00:29] [OFF    ] subscriptionStatus: {"channelID":356,"channelName":"ticker","event":"subscriptionStatus","pair":"XBT/EUR","status":"subscribed","subscription":{"name":"ticker"}} 

Jul 02, 2022 11:00:29 PM com.kraken.api.MessageHandler handleMessage
OFF: [2022-07-02 23:00:29] [OFF    ] ticker: [356,{"a":["18460.20000",0,"0.01018940"],"b":["18458.40000",0,"0.00109796"],"c":["18458.50000","0.00900000"],"v":["773.56282702","924.64740811"],"p":["18446.84612","18468.46207"],"t":[13091,14942],"l":["18214.40000","18214.40000"],"h":["18637.80000","18691.00000"],"o":["18470.60000","18620.20000"]},"ticker","XBT/EUR"] 

Jul 02, 2022 11:00:29 PM com.kraken.engine.TestEngine validateOpenAndClosePricesAreWithInDailyHighAndLow
INFO: [2022-07-02 23:00:29] [INFO   ] validateOpenAndClosePricesAreWithInDailyHighAndLow 

Jul 02, 2022 11:00:29 PM com.kraken.engine.TestEngine unSubscribeTicker
INFO: [2022-07-02 23:00:29] [INFO   ] unSubscribeTicker ticker = XBT/EUR 

Jul 02, 2022 11:00:30 PM com.kraken.api.MessageHandler handleMessage
OFF: [2022-07-02 23:00:30] [OFF    ] subscriptionStatus: {"channelID":356,"channelName":"ticker","event":"subscriptionStatus","pair":"XBT/EUR","status":"unsubscribed","subscription":{"name":"ticker"}} 

]]></system-err>
  </testcase>
  <testcase name="validateSymbolIsCorrect[XBT/USD](1)" classname="com.kraken.tests.TickerTests" time="1.593">
    <system-err><![CDATA[Jul 02, 2022 11:00:30 PM com.kraken.engine.TestEngine cleanupAllMessages
INFO: [2022-07-02 23:00:30] [INFO   ] cleanupAllMessages 

Jul 02, 2022 11:00:30 PM com.kraken.engine.TestEngine subscribeTicker
INFO: [2022-07-02 23:00:30] [INFO   ] subscribeTicker ticker = XBT/USD 

Jul 02, 2022 11:00:30 PM com.kraken.api.MessageHandler handleMessage
OFF: [2022-07-02 23:00:30] [OFF    ] subscriptionStatus: {"channelID":340,"channelName":"ticker","event":"subscriptionStatus","pair":"XBT/USD","status":"subscribed","subscription":{"name":"ticker"}} 

Jul 02, 2022 11:00:30 PM com.kraken.api.MessageHandler handleMessage
OFF: [2022-07-02 23:00:30] [OFF    ] ticker: [340,{"a":["19239.50000",4,"4.59858912"],"b":["19237.80000",0,"0.00025770"],"c":["19241.00000","0.00043249"],"v":["1193.67430771","1774.62567555"],"p":["19222.14908","19274.34916"],"t":[13994,16695],"l":["18969.60000","18969.60000"],"h":["19430.40000","19489.10000"],"o":["19250.80000","19418.60000"]},"ticker","XBT/USD"] 

Jul 02, 2022 11:00:30 PM com.kraken.engine.TestEngine validateSymbolInTickerMessages
INFO: [2022-07-02 23:00:30] [INFO   ] validateSymbolInTickerMessages 

Jul 02, 2022 11:00:31 PM com.kraken.engine.TestEngine assertEquals
INFO: [2022-07-02 23:00:31] [INFO   ] assertEquals 

Jul 02, 2022 11:00:31 PM com.kraken.engine.TestEngine unSubscribeTicker
INFO: [2022-07-02 23:00:31] [INFO   ] unSubscribeTicker ticker = XBT/USD 

Jul 02, 2022 11:00:31 PM com.kraken.api.MessageHandler handleMessage
OFF: [2022-07-02 23:00:31] [OFF    ] subscriptionStatus: {"channelID":340,"channelName":"ticker","event":"subscriptionStatus","pair":"XBT/USD","status":"unsubscribed","subscription":{"name":"ticker"}} 

]]></system-err>
  </testcase>
  <testcase name="validateSymbolIsCorrect[XBT/EUR](2)" classname="com.kraken.tests.TickerTests" time="1.537">
    <system-err><![CDATA[Jul 02, 2022 11:00:31 PM com.kraken.engine.TestEngine cleanupAllMessages
INFO: [2022-07-02 23:00:31] [INFO   ] cleanupAllMessages 

Jul 02, 2022 11:00:31 PM com.kraken.engine.TestEngine subscribeTicker
INFO: [2022-07-02 23:00:31] [INFO   ] subscribeTicker ticker = XBT/EUR 

Jul 02, 2022 11:00:32 PM com.kraken.api.MessageHandler handleMessage
OFF: [2022-07-02 23:00:32] [OFF    ] subscriptionStatus: {"channelID":356,"channelName":"ticker","event":"subscriptionStatus","pair":"XBT/EUR","status":"subscribed","subscription":{"name":"ticker"}} 

Jul 02, 2022 11:00:32 PM com.kraken.api.MessageHandler handleMessage
OFF: [2022-07-02 23:00:32] [OFF    ] ticker: [356,{"a":["18458.60000",0,"0.02308209"],"b":["18456.00000",0,"0.03257402"],"c":["18458.50000","0.00900000"],"v":["773.56282702","924.64740811"],"p":["18446.84612","18468.46207"],"t":[13091,14942],"l":["18214.40000","18214.40000"],"h":["18637.80000","18691.00000"],"o":["18470.60000","18620.20000"]},"ticker","XBT/EUR"] 

Jul 02, 2022 11:00:32 PM com.kraken.engine.TestEngine validateSymbolInTickerMessages
INFO: [2022-07-02 23:00:32] [INFO   ] validateSymbolInTickerMessages 

Jul 02, 2022 11:00:32 PM com.kraken.engine.TestEngine assertEquals
INFO: [2022-07-02 23:00:32] [INFO   ] assertEquals 

Jul 02, 2022 11:00:32 PM com.kraken.engine.TestEngine unSubscribeTicker
INFO: [2022-07-02 23:00:32] [INFO   ] unSubscribeTicker ticker = XBT/EUR 

Jul 02, 2022 11:00:33 PM com.kraken.api.MessageHandler handleMessage
OFF: [2022-07-02 23:00:33] [OFF    ] subscriptionStatus: {"channelID":356,"channelName":"ticker","event":"subscriptionStatus","pair":"XBT/EUR","status":"unsubscribed","subscription":{"name":"ticker"}} 

]]></system-err>
  </testcase>
  <testcase name="validatePriceAndVolumeAreNotZero[XBT/USD](1)" classname="com.kraken.tests.TradeTests" time="5.144">
    <system-err><![CDATA[Jul 02, 2022 11:00:33 PM com.kraken.engine.TestEngine cleanupAllMessages
INFO: [2022-07-02 23:00:33] [INFO   ] cleanupAllMessages 

Jul 02, 2022 11:00:33 PM com.kraken.engine.TestEngine logout
INFO: [2022-07-02 23:00:33] [INFO   ] logout 

Jul 02, 2022 11:00:34 PM com.kraken.api.MessageHandler handleMessage
OFF: [2022-07-02 23:00:34] [OFF    ] systemStatus: {"connectionID":11943543461258131838,"event":"systemStatus","status":"online","version":"1.9.0"} 

Jul 02, 2022 11:00:34 PM com.kraken.engine.TestEngine subscribeTrade
INFO: [2022-07-02 23:00:34] [INFO   ] subscribeTrade ticker = XBT/USD 

Jul 02, 2022 11:00:34 PM com.kraken.api.MessageHandler handleMessage
OFF: [2022-07-02 23:00:34] [OFF    ] subscriptionStatus: {"channelID":337,"channelName":"trade","event":"subscriptionStatus","pair":"XBT/USD","status":"subscribed","subscription":{"name":"trade"}} 

Jul 02, 2022 11:00:34 PM com.kraken.engine.TestEngine validatePriceAndVolumeAreNotZero
INFO: [2022-07-02 23:00:34] [INFO   ] validatePriceAndVolumeAreNotZero 

Jul 02, 2022 11:00:38 PM com.kraken.api.MessageHandler handleMessage
OFF: [2022-07-02 23:00:38] [OFF    ] trade: [337,[["19237.90000","0.00034080","1656795641.056712","b","m",""]],"trade","XBT/USD"] 

Jul 02, 2022 11:00:38 PM com.kraken.engine.TestEngine unSubscribeTrade
INFO: [2022-07-02 23:00:38] [INFO   ] unSubscribeTrade ticker = XBT/USD 

Jul 02, 2022 11:00:39 PM com.kraken.api.MessageHandler handleMessage
OFF: [2022-07-02 23:00:39] [OFF    ] subscriptionStatus: {"channelID":337,"channelName":"trade","event":"subscriptionStatus","pair":"XBT/USD","status":"unsubscribed","subscription":{"name":"trade"}} 

]]></system-err>
  </testcase>
  <testcase name="validatePriceAndVolumeAreNotZero[XBT/EUR](2)" classname="com.kraken.tests.TradeTests" time="15.852">
    <system-err><![CDATA[Jul 02, 2022 11:00:39 PM com.kraken.engine.TestEngine cleanupAllMessages
INFO: [2022-07-02 23:00:39] [INFO   ] cleanupAllMessages 

Jul 02, 2022 11:00:39 PM com.kraken.engine.TestEngine subscribeTrade
INFO: [2022-07-02 23:00:39] [INFO   ] subscribeTrade ticker = XBT/EUR 

Jul 02, 2022 11:00:39 PM com.kraken.api.MessageHandler handleMessage
OFF: [2022-07-02 23:00:39] [OFF    ] subscriptionStatus: {"channelID":353,"channelName":"trade","event":"subscriptionStatus","pair":"XBT/EUR","status":"subscribed","subscription":{"name":"trade"}} 

Jul 02, 2022 11:00:39 PM com.kraken.engine.TestEngine validatePriceAndVolumeAreNotZero
INFO: [2022-07-02 23:00:39] [INFO   ] validatePriceAndVolumeAreNotZero 

Jul 02, 2022 11:00:54 PM com.kraken.api.MessageHandler handleMessage
OFF: [2022-07-02 23:00:54] [OFF    ] trade: [353,[["18459.40000","0.00078303","1656795656.724341","b","l",""],["18459.40000","0.02028746","1656795656.726390","b","l",""],["18459.60000","0.00078219","1656795656.727939","b","l",""],["18460.00000","0.02271912","1656795656.729761","b","l",""],["18460.40000","0.01703904","1656795656.731837","b","l",""]],"trade","XBT/EUR"] 

Jul 02, 2022 11:00:54 PM com.kraken.engine.TestEngine unSubscribeTrade
INFO: [2022-07-02 23:00:54] [INFO   ] unSubscribeTrade ticker = XBT/EUR 

Jul 02, 2022 11:00:54 PM com.kraken.api.MessageHandler handleMessage
OFF: [2022-07-02 23:00:54] [OFF    ] subscriptionStatus: {"channelID":353,"channelName":"trade","event":"subscriptionStatus","pair":"XBT/EUR","status":"unsubscribed","subscription":{"name":"trade"}} 

]]></system-err>
  </testcase>
  <testcase name="validateSymbolIsCorrect[XBT/USD](1)" classname="com.kraken.tests.TradeTests" time="7.076">
    <system-err><![CDATA[Jul 02, 2022 11:00:55 PM com.kraken.engine.TestEngine cleanupAllMessages
INFO: [2022-07-02 23:00:55] [INFO   ] cleanupAllMessages 

Jul 02, 2022 11:00:55 PM com.kraken.engine.TestEngine subscribeTrade
INFO: [2022-07-02 23:00:55] [INFO   ] subscribeTrade ticker = XBT/USD 

Jul 02, 2022 11:00:55 PM com.kraken.api.MessageHandler handleMessage
OFF: [2022-07-02 23:00:55] [OFF    ] subscriptionStatus: {"channelID":337,"channelName":"trade","event":"subscriptionStatus","pair":"XBT/USD","status":"subscribed","subscription":{"name":"trade"}} 

Jul 02, 2022 11:00:55 PM com.kraken.engine.TestEngine validateSymbolInTradeMessages
INFO: [2022-07-02 23:00:55] [INFO   ] validateSymbolInTradeMessages 

Jul 02, 2022 11:01:01 PM com.kraken.api.MessageHandler handleMessage
OFF: [2022-07-02 23:01:01] [OFF    ] trade: [337,[["19238.30000","0.03180360","1656795663.966298","b","m",""]],"trade","XBT/USD"] 

Jul 02, 2022 11:01:01 PM com.kraken.engine.TestEngine assertEquals
INFO: [2022-07-02 23:01:01] [INFO   ] assertEquals 

Jul 02, 2022 11:01:01 PM com.kraken.engine.TestEngine unSubscribeTrade
INFO: [2022-07-02 23:01:01] [INFO   ] unSubscribeTrade ticker = XBT/USD 

Jul 02, 2022 11:01:01 PM com.kraken.api.MessageHandler handleMessage
OFF: [2022-07-02 23:01:01] [OFF    ] subscriptionStatus: {"channelID":337,"channelName":"trade","event":"subscriptionStatus","pair":"XBT/USD","status":"unsubscribed","subscription":{"name":"trade"}} 

]]></system-err>
  </testcase>
  <testcase name="validateSymbolIsCorrect[XBT/EUR](2)" classname="com.kraken.tests.TradeTests" time="2.992">
    <system-err><![CDATA[Jul 02, 2022 11:01:02 PM com.kraken.engine.TestEngine cleanupAllMessages
INFO: [2022-07-02 23:01:02] [INFO   ] cleanupAllMessages 

Jul 02, 2022 11:01:02 PM com.kraken.engine.TestEngine subscribeTrade
INFO: [2022-07-02 23:01:02] [INFO   ] subscribeTrade ticker = XBT/EUR 

Jul 02, 2022 11:01:02 PM com.kraken.api.MessageHandler handleMessage
OFF: [2022-07-02 23:01:02] [OFF    ] subscriptionStatus: {"channelID":353,"channelName":"trade","event":"subscriptionStatus","pair":"XBT/EUR","status":"subscribed","subscription":{"name":"trade"}} 

Jul 02, 2022 11:01:02 PM com.kraken.engine.TestEngine validateSymbolInTradeMessages
INFO: [2022-07-02 23:01:02] [INFO   ] validateSymbolInTradeMessages 

Jul 02, 2022 11:01:04 PM com.kraken.api.MessageHandler handleMessage
OFF: [2022-07-02 23:01:04] [OFF    ] trade: [353,[["18459.70000","0.00255379","1656795666.940521","b","l",""]],"trade","XBT/EUR"] 

Jul 02, 2022 11:01:04 PM com.kraken.engine.TestEngine assertEquals
INFO: [2022-07-02 23:01:04] [INFO   ] assertEquals 

Jul 02, 2022 11:01:04 PM com.kraken.engine.TestEngine unSubscribeTrade
INFO: [2022-07-02 23:01:04] [INFO   ] unSubscribeTrade ticker = XBT/EUR 

Jul 02, 2022 11:01:05 PM com.kraken.api.MessageHandler handleMessage
OFF: [2022-07-02 23:01:05] [OFF    ] subscriptionStatus: {"channelID":353,"channelName":"trade","event":"subscriptionStatus","pair":"XBT/EUR","status":"unsubscribed","subscription":{"name":"trade"}} 

]]></system-err>
  </testcase>
  <testcase name="validateTriggeringOrderSideIsCorrect[XBT/USD](1)" classname="com.kraken.tests.TradeTests" time="4.05">
    <system-err><![CDATA[Jul 02, 2022 11:01:05 PM com.kraken.engine.TestEngine cleanupAllMessages
INFO: [2022-07-02 23:01:05] [INFO   ] cleanupAllMessages 

Jul 02, 2022 11:01:05 PM com.kraken.engine.TestEngine subscribeTrade
INFO: [2022-07-02 23:01:05] [INFO   ] subscribeTrade ticker = XBT/USD 

Jul 02, 2022 11:01:05 PM com.kraken.api.MessageHandler handleMessage
OFF: [2022-07-02 23:01:05] [OFF    ] subscriptionStatus: {"channelID":337,"channelName":"trade","event":"subscriptionStatus","pair":"XBT/USD","status":"subscribed","subscription":{"name":"trade"}} 

Jul 02, 2022 11:01:05 PM com.kraken.engine.TestEngine validateTriggeringOrderSideIsCorrect
INFO: [2022-07-02 23:01:05] [INFO   ] validateTriggeringOrderSideIsCorrect 

Jul 02, 2022 11:01:08 PM com.kraken.api.MessageHandler handleMessage
OFF: [2022-07-02 23:01:08] [OFF    ] trade: [337,[["19237.90000","0.00013652","1656795670.948984","b","l",""]],"trade","XBT/USD"] 

Jul 02, 2022 11:01:08 PM com.kraken.engine.TestEngine unSubscribeTrade
INFO: [2022-07-02 23:01:08] [INFO   ] unSubscribeTrade ticker = XBT/USD 

Jul 02, 2022 11:01:09 PM com.kraken.api.MessageHandler handleMessage
OFF: [2022-07-02 23:01:09] [OFF    ] subscriptionStatus: {"channelID":337,"channelName":"trade","event":"subscriptionStatus","pair":"XBT/USD","status":"unsubscribed","subscription":{"name":"trade"}} 

]]></system-err>
  </testcase>
  <testcase name="validateTriggeringOrderSideIsCorrect[XBT/EUR](2)" classname="com.kraken.tests.TradeTests" time="1.53">
    <system-err><![CDATA[Jul 02, 2022 11:01:09 PM com.kraken.engine.TestEngine cleanupAllMessages
INFO: [2022-07-02 23:01:09] [INFO   ] cleanupAllMessages 

Jul 02, 2022 11:01:09 PM com.kraken.engine.TestEngine subscribeTrade
INFO: [2022-07-02 23:01:09] [INFO   ] subscribeTrade ticker = XBT/EUR 

Jul 02, 2022 11:01:09 PM com.kraken.api.MessageHandler handleMessage
OFF: [2022-07-02 23:01:09] [OFF    ] subscriptionStatus: {"channelID":353,"channelName":"trade","event":"subscriptionStatus","pair":"XBT/EUR","status":"subscribed","subscription":{"name":"trade"}} 

Jul 02, 2022 11:01:09 PM com.kraken.engine.TestEngine validateTriggeringOrderSideIsCorrect
INFO: [2022-07-02 23:01:09] [INFO   ] validateTriggeringOrderSideIsCorrect 

Jul 02, 2022 11:01:10 PM com.kraken.api.MessageHandler handleMessage
OFF: [2022-07-02 23:01:10] [OFF    ] trade: [353,[["18460.30000","0.00498450","1656795672.808676","b","m",""]],"trade","XBT/EUR"] 

Jul 02, 2022 11:01:10 PM com.kraken.engine.TestEngine unSubscribeTrade
INFO: [2022-07-02 23:01:10] [INFO   ] unSubscribeTrade ticker = XBT/EUR 

Jul 02, 2022 11:01:10 PM com.kraken.api.MessageHandler handleMessage
OFF: [2022-07-02 23:01:10] [OFF    ] subscriptionStatus: {"channelID":353,"channelName":"trade","event":"subscriptionStatus","pair":"XBT/EUR","status":"unsubscribed","subscription":{"name":"trade"}} 

]]></system-err>
  </testcase>
  <testcase name="validateTriggeringOrderTypeIsCorrect[XBT/USD](1)" classname="com.kraken.tests.TradeTests" time="4.615">
    <system-err><![CDATA[Jul 02, 2022 11:01:10 PM com.kraken.engine.TestEngine cleanupAllMessages
INFO: [2022-07-02 23:01:10] [INFO   ] cleanupAllMessages 

Jul 02, 2022 11:01:10 PM com.kraken.engine.TestEngine subscribeTrade
INFO: [2022-07-02 23:01:10] [INFO   ] subscribeTrade ticker = XBT/USD 

Jul 02, 2022 11:01:11 PM com.kraken.api.MessageHandler handleMessage
OFF: [2022-07-02 23:01:11] [OFF    ] subscriptionStatus: {"channelID":337,"channelName":"trade","event":"subscriptionStatus","pair":"XBT/USD","status":"subscribed","subscription":{"name":"trade"}} 

Jul 02, 2022 11:01:11 PM com.kraken.engine.TestEngine validateTriggeringOrderTypeIsCorrect
INFO: [2022-07-02 23:01:11] [INFO   ] validateTriggeringOrderTypeIsCorrect 

Jul 02, 2022 11:01:14 PM com.kraken.api.MessageHandler handleMessage
OFF: [2022-07-02 23:01:14] [OFF    ] trade: [337,[["19237.90000","0.09400000","1656795677.272072","b","m",""]],"trade","XBT/USD"] 

Jul 02, 2022 11:01:15 PM com.kraken.engine.TestEngine unSubscribeTrade
INFO: [2022-07-02 23:01:15] [INFO   ] unSubscribeTrade ticker = XBT/USD 

Jul 02, 2022 11:01:15 PM com.kraken.api.MessageHandler handleMessage
OFF: [2022-07-02 23:01:15] [OFF    ] subscriptionStatus: {"channelID":337,"channelName":"trade","event":"subscriptionStatus","pair":"XBT/USD","status":"unsubscribed","subscription":{"name":"trade"}} 

]]></system-err>
  </testcase>
  <testcase name="validateTriggeringOrderTypeIsCorrect[XBT/EUR](2)" classname="com.kraken.tests.TradeTests" time="1.517">
    <system-err><![CDATA[Jul 02, 2022 11:01:15 PM com.kraken.engine.TestEngine cleanupAllMessages
INFO: [2022-07-02 23:01:15] [INFO   ] cleanupAllMessages 

Jul 02, 2022 11:01:15 PM com.kraken.engine.TestEngine subscribeTrade
INFO: [2022-07-02 23:01:15] [INFO   ] subscribeTrade ticker = XBT/EUR 

Jul 02, 2022 11:01:15 PM com.kraken.api.MessageHandler handleMessage
OFF: [2022-07-02 23:01:15] [OFF    ] subscriptionStatus: {"channelID":353,"channelName":"trade","event":"subscriptionStatus","pair":"XBT/EUR","status":"subscribed","subscription":{"name":"trade"}} 

Jul 02, 2022 11:01:15 PM com.kraken.api.MessageHandler handleMessage
OFF: [2022-07-02 23:01:15] [OFF    ] trade: [353,[["18458.60000","0.00626545","1656795678.305384","s","m",""]],"trade","XBT/EUR"] 

Jul 02, 2022 11:01:16 PM com.kraken.engine.TestEngine validateTriggeringOrderTypeIsCorrect
INFO: [2022-07-02 23:01:16] [INFO   ] validateTriggeringOrderTypeIsCorrect 

Jul 02, 2022 11:01:16 PM com.kraken.engine.TestEngine unSubscribeTrade
INFO: [2022-07-02 23:01:16] [INFO   ] unSubscribeTrade ticker = XBT/EUR 

Jul 02, 2022 11:01:16 PM com.kraken.api.MessageHandler handleMessage
OFF: [2022-07-02 23:01:16] [OFF    ] subscriptionStatus: {"channelID":353,"channelName":"trade","event":"subscriptionStatus","pair":"XBT/EUR","status":"unsubscribed","subscription":{"name":"trade"}} 

]]></system-err>
  </testcase>
</testsuite>